This file contains any messages produced by compilers while
running configure, to aid debugging if configure makes a mistake.

It was created by mate-control-center configure 1.8.1, which was
generated by GNU Autoconf 2.69.  Invocation command line was

  $ ./configure --build=x86_64-linux-gnu --prefix=/usr --includedir=${prefix}/include --mandir=${prefix}/share/man --infodir=${prefix}/share/info --sysconfdir=/etc --localstatedir=/var --libdir=${prefix}/lib/x86_64-linux-gnu --libexecdir=${prefix}/lib/x86_64-linux-gnu --disable-maintainer-mode --disable-dependency-tracking --disable-scrollkeeper --localstatedir=/var --disable-static --disable-update-mimedb --with-gtk=2.0

## --------- ##
## Platform. ##
## --------- ##

hostname = jenkins
uname -m = x86_64
uname -r = 3.13.0-32-generic
uname -s = Linux
uname -v = #57-Ubuntu SMP Tue Jul 15 03:51:08 UTC 2014

/usr/bin/uname -p = unknown
/bin/uname -X     = unknown

/bin/arch              = unknown
/usr/bin/arch -k       = unknown
/usr/convex/getsysinfo = unknown
/usr/bin/hostinfo      = unknown
/bin/machine           = unknown
/usr/bin/oslevel       = unknown
/bin/universe          = unknown

PATH: /usr/local/sbin
PATH: /usr/local/bin
PATH: /usr/sbin
PATH: /usr/bin
PATH: /sbin
PATH: /bin


## ----------- ##
## Core tests. ##
## ----------- ##

configure:2582: checking for a BSD-compatible install
configure:2650: result: /usr/bin/install -c
configure:2661: checking whether build environment is sane
configure:2716: result: yes
configure:2867: checking for a thread-safe mkdir -p
configure:2906: result: /bin/mkdir -p
configure:2913: checking for gawk
configure:2929: found /usr/bin/gawk
configure:2940: result: gawk
configure:2951: checking whether make sets $(MAKE)
configure:2973: result: yes
configure:3002: checking whether make supports nested variables
configure:3019: result: yes
configure:3108: checking whether UID '0' is supported by ustar format
configure:3111: result: yes
configure:3118: checking whether GID '0' is supported by ustar format
configure:3121: result: yes
configure:3129: checking how to create a ustar tar archive
configure:3140: tar --version
tar (GNU tar) 1.27.1
Copyright (C) 2013 Free Software Foundation, Inc.
License GPLv3+: GNU GPL version 3 or later <http://gnu.org/licenses/gpl.html>.
This is free software: you are free to change and redistribute it.
There is NO WARRANTY, to the extent permitted by law.

Written by John Gilmore and Jay Fenlason.
configure:3143: $? = 0
configure:3183: tardir=conftest.dir && eval tar --format=ustar -chf - "$tardir" >conftest.tar
configure:3186: $? = 0
configure:3190: tar -xf - <conftest.tar
configure:3193: $? = 0
configure:3195: cat conftest.dir/file
GrepMe
configure:3198: $? = 0
configure:3211: result: gnutar
configure:3262: checking whether to enable maintainer-specific portions of Makefiles
configure:3271: result: no
configure:3295: checking whether make supports nested variables
configure:3312: result: yes
configure:3336: checking for style of include used by make
configure:3364: result: GNU
configure:3435: checking for gcc
configure:3451: found /usr/bin/gcc
configure:3462: result: gcc
configure:3691: checking for C compiler version
configure:3700: gcc --version >&5
gcc (Ubuntu 4.8.2-19ubuntu1) 4.8.2
Copyright (C) 2013 Free Software Foundation, Inc.
This is free software; see the source for copying conditions.  There is NO
warranty; not even for MERCHANTABILITY or FITNESS FOR A PARTICULAR PURPOSE.

configure:3711: $? = 0
configure:3700: gcc -v >&5
Using built-in specs.
COLLECT_GCC=gcc
COLLECT_LTO_WRAPPER=/usr/lib/gcc/x86_64-linux-gnu/4.8/lto-wrapper
Target: x86_64-linux-gnu
Configured with: ../src/configure -v --with-pkgversion='Ubuntu 4.8.2-19ubuntu1' --with-bugurl=file:///usr/share/doc/gcc-4.8/README.Bugs --enable-languages=c,c++,java,go,d,fortran,objc,obj-c++ --prefix=/usr --program-suffix=-4.8 --enable-shared --enable-linker-build-id --libexecdir=/usr/lib --without-included-gettext --enable-threads=posix --with-gxx-include-dir=/usr/include/c++/4.8 --libdir=/usr/lib --enable-nls --with-sysroot=/ --enable-clocale=gnu --enable-libstdcxx-debug --enable-libstdcxx-time=yes --enable-gnu-unique-object --disable-libmudflap --enable-plugin --with-system-zlib --disable-browser-plugin --enable-java-awt=gtk --enable-gtk-cairo --with-java-home=/usr/lib/jvm/java-1.5.0-gcj-4.8-amd64/jre --enable-java-home --with-jvm-root-dir=/usr/lib/jvm/java-1.5.0-gcj-4.8-amd64 --with-jvm-jar-dir=/usr/lib/jvm-exports/java-1.5.0-gcj-4.8-amd64 --with-arch-directory=amd64 --with-ecj-jar=/usr/share/java/eclipse-ecj.jar --enable-objc-gc --enable-multiarch --disable-werror --with-arch-32=i686 --with-abi=m64 --with-multilib-list=m32,m64,mx32 --with-tune=generic --enable-checking=release --build=x86_64-linux-gnu --host=x86_64-linux-gnu --target=x86_64-linux-gnu
Thread model: posix
gcc version 4.8.2 (Ubuntu 4.8.2-19ubuntu1) 
configure:3711: $? = 0
configure:3700: gcc -V >&5
gcc: error: unrecognized command line option '-V'
gcc: fatal error: no input files
compilation terminated.
configure:3711: $? = 4
configure:3700: gcc -qversion >&5
gcc: error: unrecognized command line option '-qversion'
gcc: fatal error: no input files
compilation terminated.
configure:3711: $? = 4
configure:3731: checking whether the C compiler works
configure:3753: gcc -g -O2 -fstack-protector --param=ssp-buffer-size=4 -Wformat -Werror=format-security -D_FORTIFY_SOURCE=2 -Wl,-Bsymbolic-functions -Wl,-z,relro conftest.c  >&5
configure:3757: $? = 0
configure:3805: result: yes
configure:3808: checking for C compiler default output file name
configure:3810: result: a.out
configure:3816: checking for suffix of executables
configure:3823: gcc -o conftest -g -O2 -fstack-protector --param=ssp-buffer-size=4 -Wformat -Werror=format-security -D_FORTIFY_SOURCE=2 -Wl,-Bsymbolic-functions -Wl,-z,relro conftest.c  >&5
configure:3827: $? = 0
configure:3849: result: 
configure:3871: checking whether we are cross compiling
configure:3879: gcc -o conftest -g -O2 -fstack-protector --param=ssp-buffer-size=4 -Wformat -Werror=format-security -D_FORTIFY_SOURCE=2 -Wl,-Bsymbolic-functions -Wl,-z,relro conftest.c  >&5
configure:3883: $? = 0
configure:3890: ./conftest
configure:3894: $? = 0
configure:3909: result: no
configure:3914: checking for suffix of object files
configure:3936: gcc -c -g -O2 -fstack-protector --param=ssp-buffer-size=4 -Wformat -Werror=format-security -D_FORTIFY_SOURCE=2 conftest.c >&5
configure:3940: $? = 0
configure:3961: result: o
configure:3965: checking whether we are using the GNU C compiler
configure:3984: gcc -c -g -O2 -fstack-protector --param=ssp-buffer-size=4 -Wformat -Werror=format-security -D_FORTIFY_SOURCE=2 conftest.c >&5
configure:3984: $? = 0
configure:3993: result: yes
configure:4002: checking whether gcc accepts -g
configure:4022: gcc -c -g -D_FORTIFY_SOURCE=2 conftest.c >&5
configure:4022: $? = 0
configure:4063: result: yes
configure:4080: checking for gcc option to accept ISO C89
configure:4143: gcc  -c -g -O2 -fstack-protector --param=ssp-buffer-size=4 -Wformat -Werror=format-security -D_FORTIFY_SOURCE=2 conftest.c >&5
configure:4143: $? = 0
configure:4156: result: none needed
configure:4181: checking whether gcc understands -c and -o together
configure:4203: gcc -c conftest.c -o conftest2.o
configure:4206: $? = 0
configure:4203: gcc -c conftest.c -o conftest2.o
configure:4206: $? = 0
configure:4218: result: yes
configure:4237: checking dependency style of gcc
configure:4348: result: none
configure:4364: checking for library containing strerror
configure:4395: gcc -o conftest -g -O2 -fstack-protector --param=ssp-buffer-size=4 -Wformat -Werror=format-security -D_FORTIFY_SOURCE=2 -Wl,-Bsymbolic-functions -Wl,-z,relro conftest.c  >&5
configure:4395: $? = 0
configure:4412: result: none required
configure:4468: checking for gcc
configure:4495: result: gcc
configure:4724: checking for C compiler version
configure:4733: gcc --version >&5
gcc (Ubuntu 4.8.2-19ubuntu1) 4.8.2
Copyright (C) 2013 Free Software Foundation, Inc.
This is free software; see the source for copying conditions.  There is NO
warranty; not even for MERCHANTABILITY or FITNESS FOR A PARTICULAR PURPOSE.

configure:4744: $? = 0
configure:4733: gcc -v >&5
Using built-in specs.
COLLECT_GCC=gcc
COLLECT_LTO_WRAPPER=/usr/lib/gcc/x86_64-linux-gnu/4.8/lto-wrapper
Target: x86_64-linux-gnu
Configured with: ../src/configure -v --with-pkgversion='Ubuntu 4.8.2-19ubuntu1' --with-bugurl=file:///usr/share/doc/gcc-4.8/README.Bugs --enable-languages=c,c++,java,go,d,fortran,objc,obj-c++ --prefix=/usr --program-suffix=-4.8 --enable-shared --enable-linker-build-id --libexecdir=/usr/lib --without-included-gettext --enable-threads=posix --with-gxx-include-dir=/usr/include/c++/4.8 --libdir=/usr/lib --enable-nls --with-sysroot=/ --enable-clocale=gnu --enable-libstdcxx-debug --enable-libstdcxx-time=yes --enable-gnu-unique-object --disable-libmudflap --enable-plugin --with-system-zlib --disable-browser-plugin --enable-java-awt=gtk --enable-gtk-cairo --with-java-home=/usr/lib/jvm/java-1.5.0-gcj-4.8-amd64/jre --enable-java-home --with-jvm-root-dir=/usr/lib/jvm/java-1.5.0-gcj-4.8-amd64 --with-jvm-jar-dir=/usr/lib/jvm-exports/java-1.5.0-gcj-4.8-amd64 --with-arch-directory=amd64 --with-ecj-jar=/usr/share/java/eclipse-ecj.jar --enable-objc-gc --enable-multiarch --disable-werror --with-arch-32=i686 --with-abi=m64 --with-multilib-list=m32,m64,mx32 --with-tune=generic --enable-checking=release --build=x86_64-linux-gnu --host=x86_64-linux-gnu --target=x86_64-linux-gnu
Thread model: posix
gcc version 4.8.2 (Ubuntu 4.8.2-19ubuntu1) 
configure:4744: $? = 0
configure:4733: gcc -V >&5
gcc: error: unrecognized command line option '-V'
gcc: fatal error: no input files
compilation terminated.
configure:4744: $? = 4
configure:4733: gcc -qversion >&5
gcc: error: unrecognized command line option '-qversion'
gcc: fatal error: no input files
compilation terminated.
configure:4744: $? = 4
configure:4748: checking whether we are using the GNU C compiler
configure:4776: result: yes
configure:4785: checking whether gcc accepts -g
configure:4846: result: yes
configure:4863: checking for gcc option to accept ISO C89
configure:4939: result: none needed
configure:4964: checking whether gcc understands -c and -o together
configure:5001: result: yes
configure:5020: checking dependency style of gcc
configure:5131: result: none
configure:5152: checking how to run the C preprocessor
configure:5183: gcc -E -D_FORTIFY_SOURCE=2 conftest.c
configure:5183: $? = 0
configure:5197: gcc -E -D_FORTIFY_SOURCE=2 conftest.c
conftest.c:11:28: fatal error: ac_nonexistent.h: No such file or directory
 #include <ac_nonexistent.h>
                            ^
compilation terminated.
configure:5197: $? = 1
configure: failed program was:
| /* confdefs.h */
| #define PACKAGE_NAME "mate-control-center"
| #define PACKAGE_TARNAME "mate-control-center"
| #define PACKAGE_VERSION "1.8.1"
| #define PACKAGE_STRING "mate-control-center 1.8.1"
| #define PACKAGE_BUGREPORT "htts://www.mate-desktop.org/"
| #define PACKAGE_URL ""
| #define PACKAGE "mate-control-center"
| #define VERSION "1.8.1"
| /* end confdefs.h.  */
| #include <ac_nonexistent.h>
configure:5222: result: gcc -E
configure:5242: gcc -E -D_FORTIFY_SOURCE=2 conftest.c
configure:5242: $? = 0
configure:5256: gcc -E -D_FORTIFY_SOURCE=2 conftest.c
conftest.c:11:28: fatal error: ac_nonexistent.h: No such file or directory
 #include <ac_nonexistent.h>
                            ^
compilation terminated.
configure:5256: $? = 1
configure: failed program was:
| /* confdefs.h */
| #define PACKAGE_NAME "mate-control-center"
| #define PACKAGE_TARNAME "mate-control-center"
| #define PACKAGE_VERSION "1.8.1"
| #define PACKAGE_STRING "mate-control-center 1.8.1"
| #define PACKAGE_BUGREPORT "htts://www.mate-desktop.org/"
| #define PACKAGE_URL ""
| #define PACKAGE "mate-control-center"
| #define VERSION "1.8.1"
| /* end confdefs.h.  */
| #include <ac_nonexistent.h>
configure:5285: checking for grep that handles long lines and -e
configure:5343: result: /bin/grep
configure:5348: checking for egrep
configure:5410: result: /bin/grep -E
configure:5415: checking for ANSI C header files
configure:5435: gcc -c -g -O2 -fstack-protector --param=ssp-buffer-size=4 -Wformat -Werror=format-security -D_FORTIFY_SOURCE=2 conftest.c >&5
configure:5435: $? = 0
configure:5508: gcc -o conftest -g -O2 -fstack-protector --param=ssp-buffer-size=4 -Wformat -Werror=format-security -D_FORTIFY_SOURCE=2 -Wl,-Bsymbolic-functions -Wl,-z,relro conftest.c  >&5
configure:5508: $? = 0
configure:5508: ./conftest
configure:5508: $? = 0
configure:5519: result: yes
configure:5556: checking build system type
configure:5570: result: x86_64-pc-linux-gnu
configure:5590: checking host system type
configure:5603: result: x86_64-pc-linux-gnu
configure:5644: checking how to print strings
configure:5671: result: printf
configure:5692: checking for a sed that does not truncate output
configure:5756: result: /bin/sed
configure:5774: checking for fgrep
configure:5836: result: /bin/grep -F
configure:5871: checking for ld used by gcc
configure:5938: result: /usr/bin/ld
configure:5945: checking if the linker (/usr/bin/ld) is GNU ld
configure:5960: result: yes
configure:5972: checking for BSD- or MS-compatible name lister (nm)
configure:6021: result: /usr/bin/nm -B
configure:6151: checking the name lister (/usr/bin/nm -B) interface
configure:6158: gcc -c -g -O2 -fstack-protector --param=ssp-buffer-size=4 -Wformat -Werror=format-security -D_FORTIFY_SOURCE=2 conftest.c >&5
configure:6161: /usr/bin/nm -B "conftest.o"
configure:6164: output
0000000000000000 B some_variable
configure:6171: result: BSD nm
configure:6174: checking whether ln -s works
configure:6178: result: yes
configure:6186: checking the maximum length of command line arguments
configure:6317: result: 3458764513820540925
configure:6334: checking whether the shell understands some XSI constructs
configure:6344: result: yes
configure:6348: checking whether the shell understands "+="
configure:6354: result: yes
configure:6389: checking how to convert x86_64-pc-linux-gnu file names to x86_64-pc-linux-gnu format
configure:6429: result: func_convert_file_noop
configure:6436: checking how to convert x86_64-pc-linux-gnu file names to toolchain format
configure:6456: result: func_convert_file_noop
configure:6463: checking for /usr/bin/ld option to reload object files
configure:6470: result: -r
configure:6544: checking for objdump
configure:6560: found /usr/bin/objdump
configure:6571: result: objdump
configure:6603: checking how to recognize dependent libraries
configure:6801: result: pass_all
configure:6886: checking for dlltool
configure:6916: result: no
configure:6946: checking how to associate runtime and link libraries
configure:6973: result: printf %s\n
configure:7033: checking for ar
configure:7049: found /usr/bin/ar
configure:7060: result: ar
configure:7097: checking for archiver @FILE support
configure:7114: gcc -c -g -O2 -fstack-protector --param=ssp-buffer-size=4 -Wformat -Werror=format-security -D_FORTIFY_SOURCE=2 conftest.c >&5
configure:7114: $? = 0
configure:7117: ar cru libconftest.a @conftest.lst >&5
configure:7120: $? = 0
configure:7125: ar cru libconftest.a @conftest.lst >&5
ar: conftest.o: No such file or directory
configure:7128: $? = 1
configure:7140: result: @
configure:7198: checking for strip
configure:7214: found /usr/bin/strip
configure:7225: result: strip
configure:7297: checking for ranlib
configure:7313: found /usr/bin/ranlib
configure:7324: result: ranlib
configure:7426: checking command to parse /usr/bin/nm -B output from gcc object
configure:7546: gcc -c -g -O2 -fstack-protector --param=ssp-buffer-size=4 -Wformat -Werror=format-security -D_FORTIFY_SOURCE=2 conftest.c >&5
configure:7549: $? = 0
configure:7553: /usr/bin/nm -B conftest.o \| sed -n -e 's/^.*[ ]\([ABCDGIRSTW][ABCDGIRSTW]*\)[ ][ ]*\([_A-Za-z][_A-Za-z0-9]*\)$/\1 \2 \2/p' | sed '/ __gnu_lto/d' \> conftest.nm
configure:7556: $? = 0
configure:7622: gcc -o conftest -g -O2 -fstack-protector --param=ssp-buffer-size=4 -Wformat -Werror=format-security -D_FORTIFY_SOURCE=2 -Wl,-Bsymbolic-functions -Wl,-z,relro conftest.c conftstm.o >&5
configure:7625: $? = 0
configure:7663: result: ok
configure:7700: checking for sysroot
configure:7730: result: no
configure:7807: gcc -c -g -O2 -fstack-protector --param=ssp-buffer-size=4 -Wformat -Werror=format-security -D_FORTIFY_SOURCE=2 conftest.c >&5
configure:7810: $? = 0
configure:7999: checking for mt
configure:8015: found /bin/mt
configure:8026: result: mt
configure:8049: checking if mt is a manifest tool
configure:8055: mt '-?'
configure:8063: result: no
configure:8705: checking for sys/types.h
configure:8705: gcc -c -g -O2 -fstack-protector --param=ssp-buffer-size=4 -Wformat -Werror=format-security -D_FORTIFY_SOURCE=2 conftest.c >&5
configure:8705: $? = 0
configure:8705: result: yes
configure:8705: checking for sys/stat.h
configure:8705: gcc -c -g -O2 -fstack-protector --param=ssp-buffer-size=4 -Wformat -Werror=format-security -D_FORTIFY_SOURCE=2 conftest.c >&5
configure:8705: $? = 0
configure:8705: result: yes
configure:8705: checking for stdlib.h
configure:8705: gcc -c -g -O2 -fstack-protector --param=ssp-buffer-size=4 -Wformat -Werror=format-security -D_FORTIFY_SOURCE=2 conftest.c >&5
configure:8705: $? = 0
configure:8705: result: yes
configure:8705: checking for string.h
configure:8705: gcc -c -g -O2 -fstack-protector --param=ssp-buffer-size=4 -Wformat -Werror=format-security -D_FORTIFY_SOURCE=2 conftest.c >&5
configure:8705: $? = 0
configure:8705: result: yes
configure:8705: checking for memory.h
configure:8705: gcc -c -g -O2 -fstack-protector --param=ssp-buffer-size=4 -Wformat -Werror=format-security -D_FORTIFY_SOURCE=2 conftest.c >&5
configure:8705: $? = 0
configure:8705: result: yes
configure:8705: checking for strings.h
configure:8705: gcc -c -g -O2 -fstack-protector --param=ssp-buffer-size=4 -Wformat -Werror=format-security -D_FORTIFY_SOURCE=2 conftest.c >&5
configure:8705: $? = 0
configure:8705: result: yes
configure:8705: checking for inttypes.h
configure:8705: gcc -c -g -O2 -fstack-protector --param=ssp-buffer-size=4 -Wformat -Werror=format-security -D_FORTIFY_SOURCE=2 conftest.c >&5
configure:8705: $? = 0
configure:8705: result: yes
configure:8705: checking for stdint.h
configure:8705: gcc -c -g -O2 -fstack-protector --param=ssp-buffer-size=4 -Wformat -Werror=format-security -D_FORTIFY_SOURCE=2 conftest.c >&5
configure:8705: $? = 0
configure:8705: result: yes
configure:8705: checking for unistd.h
configure:8705: gcc -c -g -O2 -fstack-protector --param=ssp-buffer-size=4 -Wformat -Werror=format-security -D_FORTIFY_SOURCE=2 conftest.c >&5
configure:8705: $? = 0
configure:8705: result: yes
configure:8719: checking for dlfcn.h
configure:8719: gcc -c -g -O2 -fstack-protector --param=ssp-buffer-size=4 -Wformat -Werror=format-security -D_FORTIFY_SOURCE=2 conftest.c >&5
configure:8719: $? = 0
configure:8719: result: yes
configure:8925: checking for objdir
configure:8940: result: .libs
configure:9211: checking if gcc supports -fno-rtti -fno-exceptions
configure:9229: gcc -c -g -O2 -fstack-protector --param=ssp-buffer-size=4 -Wformat -Werror=format-security -D_FORTIFY_SOURCE=2 -fno-rtti -fno-exceptions conftest.c >&5
cc1: warning: command line option '-fno-rtti' is valid for C++/ObjC++ but not for C [enabled by default]
configure:9233: $? = 0
configure:9246: result: no
configure:9573: checking for gcc option to produce PIC
configure:9580: result: -fPIC -DPIC
configure:9588: checking if gcc PIC flag -fPIC -DPIC works
configure:9606: gcc -c -g -O2 -fstack-protector --param=ssp-buffer-size=4 -Wformat -Werror=format-security -D_FORTIFY_SOURCE=2 -fPIC -DPIC -DPIC conftest.c >&5
configure:9610: $? = 0
configure:9623: result: yes
configure:9652: checking if gcc static flag -static works
configure:9680: result: yes
configure:9695: checking if gcc supports -c -o file.o
configure:9716: gcc -c -g -O2 -fstack-protector --param=ssp-buffer-size=4 -Wformat -Werror=format-security -D_FORTIFY_SOURCE=2 -o out/conftest2.o conftest.c >&5
configure:9720: $? = 0
configure:9742: result: yes
configure:9750: checking if gcc supports -c -o file.o
configure:9797: result: yes
configure:9830: checking whether the gcc linker (/usr/bin/ld -m elf_x86_64) supports shared libraries
configure:10987: result: yes
configure:11024: checking whether -lc should be explicitly linked in
configure:11032: gcc -c -g -O2 -fstack-protector --param=ssp-buffer-size=4 -Wformat -Werror=format-security -D_FORTIFY_SOURCE=2 conftest.c >&5
configure:11035: $? = 0
configure:11050: gcc -shared  -fPIC -DPIC conftest.o  -v -Wl,-soname -Wl,conftest -o conftest 2\>\&1 \| /bin/grep  -lc  \>/dev/null 2\>\&1
configure:11053: $? = 0
configure:11067: result: no
configure:11227: checking dynamic linker characteristics
configure:11727: gcc -o conftest -g -O2 -fstack-protector --param=ssp-buffer-size=4 -Wformat -Werror=format-security -D_FORTIFY_SOURCE=2 -Wl,-Bsymbolic-functions -Wl,-z,relro -Wl,-rpath -Wl,/foo conftest.c  >&5
configure:11727: $? = 0
configure:11961: result: GNU/Linux ld.so
configure:12068: checking how to hardcode library paths into programs
configure:12093: result: immediate
configure:12633: checking whether stripping libraries is possible
configure:12638: result: yes
configure:12673: checking if libtool supports shared libraries
configure:12675: result: yes
configure:12678: checking whether to build shared libraries
configure:12699: result: yes
configure:12702: checking whether to build static libraries
configure:12706: result: no
configure:12764: checking for itstool
configure:12780: found /usr/bin/itstool
configure:12791: result: itstool
configure:12806: checking for xmllint
configure:12822: found /usr/bin/xmllint
configure:12833: result: xmllint
configure:13026: checking whether NLS is requested
configure:13035: result: yes
configure:13053: checking for intltool >= 0.37.1
configure:13055: result: 0.50.2 found
configure:13063: checking for intltool-update
configure:13081: found /usr/bin/intltool-update
configure:13093: result: /usr/bin/intltool-update
configure:13103: checking for intltool-merge
configure:13121: found /usr/bin/intltool-merge
configure:13133: result: /usr/bin/intltool-merge
configure:13143: checking for intltool-extract
configure:13161: found /usr/bin/intltool-extract
configure:13173: result: /usr/bin/intltool-extract
configure:13327: checking for xgettext
configure:13345: found /usr/bin/xgettext
configure:13357: result: /usr/bin/xgettext
configure:13367: checking for msgmerge
configure:13385: found /usr/bin/msgmerge
configure:13397: result: /usr/bin/msgmerge
configure:13407: checking for msgfmt
configure:13425: found /usr/bin/msgfmt
configure:13437: result: /usr/bin/msgfmt
configure:13447: checking for gmsgfmt
configure:13478: result: /usr/bin/msgfmt
configure:13498: checking for perl
configure:13516: found /usr/bin/perl
configure:13528: result: /usr/bin/perl
configure:13539: checking for perl >= 5.8.1
configure:13546: result: 5.18.2
configure:13550: checking for XML::Parser
configure:13553: result: ok
configure:13578: gcc -o conftest -g -O2 -fstack-protector --param=ssp-buffer-size=4 -Wformat -Werror=format-security -Wall -D_FORTIFY_SOURCE=2 -Wl,-Bsymbolic-functions -Wl,-z,relro conftest.c  >&5
configure:13578: $? = 0
configure:13616: checking locale.h usability
configure:13616: gcc -c -g -O2 -fstack-protector --param=ssp-buffer-size=4 -Wformat -Werror=format-security -Wall -D_FORTIFY_SOURCE=2 conftest.c >&5
configure:13616: $? = 0
configure:13616: result: yes
configure:13616: checking locale.h presence
configure:13616: gcc -E -D_FORTIFY_SOURCE=2 conftest.c
configure:13616: $? = 0
configure:13616: result: yes
configure:13616: checking for locale.h
configure:13616: result: yes
configure:13627: checking for LC_MESSAGES
configure:13643: gcc -o conftest -g -O2 -fstack-protector --param=ssp-buffer-size=4 -Wformat -Werror=format-security -Wall -D_FORTIFY_SOURCE=2 -Wl,-Bsymbolic-functions -Wl,-z,relro conftest.c  >&5
configure:13643: $? = 0
configure:13651: result: yes
configure:13668: checking libintl.h usability
configure:13668: gcc -c -g -O2 -fstack-protector --param=ssp-buffer-size=4 -Wformat -Werror=format-security -Wall -D_FORTIFY_SOURCE=2 conftest.c >&5
configure:13668: $? = 0
configure:13668: result: yes
configure:13668: checking libintl.h presence
configure:13668: gcc -E -D_FORTIFY_SOURCE=2 conftest.c
configure:13668: $? = 0
configure:13668: result: yes
configure:13668: checking for libintl.h
configure:13668: result: yes
configure:13676: checking for ngettext in libc
configure:13694: gcc -o conftest -g -O2 -fstack-protector --param=ssp-buffer-size=4 -Wformat -Werror=format-security -Wall -D_FORTIFY_SOURCE=2 -Wl,-Bsymbolic-functions -Wl,-z,relro conftest.c  >&5
configure:13694: $? = 0
configure:13703: result: yes
configure:13707: checking for dgettext in libc
configure:13725: gcc -o conftest -g -O2 -fstack-protector --param=ssp-buffer-size=4 -Wformat -Werror=format-security -Wall -D_FORTIFY_SOURCE=2 -Wl,-Bsymbolic-functions -Wl,-z,relro conftest.c  >&5
configure:13725: $? = 0
configure:13734: result: yes
configure:13741: checking for bind_textdomain_codeset
configure:13741: gcc -o conftest -g -O2 -fstack-protector --param=ssp-buffer-size=4 -Wformat -Werror=format-security -Wall -D_FORTIFY_SOURCE=2 -Wl,-Bsymbolic-functions -Wl,-z,relro conftest.c  >&5
configure:13741: $? = 0
configure:13741: result: yes
configure:14017: checking for msgfmt
configure:14044: result: /usr/bin/msgfmt
configure:14055: checking for dcgettext
configure:14055: gcc -o conftest -g -O2 -fstack-protector --param=ssp-buffer-size=4 -Wformat -Werror=format-security -Wall -D_FORTIFY_SOURCE=2 -Wl,-Bsymbolic-functions -Wl,-z,relro conftest.c   >&5
conftest.c:51:6: warning: conflicting types for built-in function 'dcgettext' [enabled by default]
 char dcgettext ();
      ^
configure:14055: $? = 0
configure:14055: result: yes
configure:14065: checking if msgfmt accepts -c
configure:14080: $MSGFMT -c -o /dev/null conftest.foo
conftest.foo:3: warning: header field 'Language' missing in header
configure:14083: $? = 0
configure:14085: result: yes
configure:14095: checking for gmsgfmt
configure:14126: result: /usr/bin/msgfmt
configure:14136: checking for xgettext
configure:14163: result: /usr/bin/xgettext
configure:14182: gcc -o conftest -g -O2 -fstack-protector --param=ssp-buffer-size=4 -Wformat -Werror=format-security -Wall -D_FORTIFY_SOURCE=2 -Wl,-Bsymbolic-functions -Wl,-z,relro conftest.c   >&5
configure:14182: $? = 0
configure:14381: checking whether gcc understands -Wno-sign-compare
configure:14394: gcc -c -Wall -Wmissing-prototypes -Wnested-externs -Wpointer-arith -g -O2 -fstack-protector --param=ssp-buffer-size=4 -Wformat -Werror=format-security -Wall -Wno-sign-compare -D_FORTIFY_SOURCE=2 conftest.c >&5
configure:14394: $? = 0
configure:14401: result: yes
configure:14419: checking what warning flags to pass to the C compiler
configure:14421: result: -Wall -Wmissing-prototypes -Wnested-externs -Wpointer-arith -Wno-sign-compare
configure:14432: checking what language compliance flags to pass to the C compiler
configure:14447: result: 
configure:14467: checking for X
configure:14575: gcc -E -D_FORTIFY_SOURCE=2 conftest.c
configure:14575: $? = 0
configure:14606: gcc -o conftest -g -O2 -fstack-protector --param=ssp-buffer-size=4 -Wformat -Werror=format-security -Wall -D_FORTIFY_SOURCE=2 -Wl,-Bsymbolic-functions -Wl,-z,relro conftest.c -lX11  >&5
configure:14606: $? = 0
configure:14656: result: libraries , headers 
configure:14755: gcc -o conftest -g -O2 -fstack-protector --param=ssp-buffer-size=4 -Wformat -Werror=format-security -Wall -D_FORTIFY_SOURCE=2 -Wl,-Bsymbolic-functions -Wl,-z,relro conftest.c   -lX11 >&5
configure:14755: $? = 0
configure:14853: checking for gethostbyname
configure:14853: gcc -o conftest -g -O2 -fstack-protector --param=ssp-buffer-size=4 -Wformat -Werror=format-security -Wall -D_FORTIFY_SOURCE=2 -Wl,-Bsymbolic-functions -Wl,-z,relro conftest.c  >&5
configure:14853: $? = 0
configure:14853: result: yes
configure:14950: checking for connect
configure:14950: gcc -o conftest -g -O2 -fstack-protector --param=ssp-buffer-size=4 -Wformat -Werror=format-security -Wall -D_FORTIFY_SOURCE=2 -Wl,-Bsymbolic-functions -Wl,-z,relro conftest.c  >&5
configure:14950: $? = 0
configure:14950: result: yes
configure:14999: checking for remove
configure:14999: gcc -o conftest -g -O2 -fstack-protector --param=ssp-buffer-size=4 -Wformat -Werror=format-security -Wall -D_FORTIFY_SOURCE=2 -Wl,-Bsymbolic-functions -Wl,-z,relro conftest.c  >&5
configure:14999: $? = 0
configure:14999: result: yes
configure:15048: checking for shmat
configure:15048: gcc -o conftest -g -O2 -fstack-protector --param=ssp-buffer-size=4 -Wformat -Werror=format-security -Wall -D_FORTIFY_SOURCE=2 -Wl,-Bsymbolic-functions -Wl,-z,relro conftest.c  >&5
configure:15048: $? = 0
configure:15048: result: yes
configure:15106: checking for IceConnectionNumber in -lICE
configure:15131: gcc -o conftest -g -O2 -fstack-protector --param=ssp-buffer-size=4 -Wformat -Werror=format-security -Wall -D_FORTIFY_SOURCE=2 -Wl,-Bsymbolic-functions -Wl,-z,relro conftest.c -lICE   >&5
configure:15131: $? = 0
configure:15140: result: yes
configure:15152: checking for XScreenSaverQueryInfo
configure:15152: gcc -o conftest -g -O2 -fstack-protector --param=ssp-buffer-size=4 -Wformat -Werror=format-security -Wall -D_FORTIFY_SOURCE=2 -Wl,-Bsymbolic-functions -Wl,-z,relro conftest.c  >&5
/tmp/ccn8GmFz.o: In function `main':
/srv/sources/control-center/mate-control-center/mate-control-center-1.8.1/conftest.c:64: undefined reference to `XScreenSaverQueryInfo'
collect2: error: ld returned 1 exit status
configure:15152: $? = 1
configure: failed program was:
| /* confdefs.h */
| #define PACKAGE_NAME "mate-control-center"
| #define PACKAGE_TARNAME "mate-control-center"
| #define PACKAGE_VERSION "1.8.1"
| #define PACKAGE_STRING "mate-control-center 1.8.1"
| #define PACKAGE_BUGREPORT "htts://www.mate-desktop.org/"
| #define PACKAGE_URL ""
| #define PACKAGE "mate-control-center"
| #define VERSION "1.8.1"
| #define STDC_HEADERS 1
| #define HAVE_SYS_TYPES_H 1
| #define HAVE_SYS_STAT_H 1
| #define HAVE_STDLIB_H 1
| #define HAVE_STRING_H 1
| #define HAVE_MEMORY_H 1
| #define HAVE_STRINGS_H 1
| #define HAVE_INTTYPES_H 1
| #define HAVE_STDINT_H 1
| #define HAVE_UNISTD_H 1
| #define HAVE_DLFCN_H 1
| #define LT_OBJDIR ".libs/"
| #define GETTEXT_PACKAGE "mate-control-center"
| #define HAVE_LOCALE_H 1
| #define HAVE_LC_MESSAGES 1
| #define HAVE_BIND_TEXTDOMAIN_CODESET 1
| #define HAVE_GETTEXT 1
| #define HAVE_DCGETTEXT 1
| #define ENABLE_NLS 1
| /* end confdefs.h.  */
| /* Define XScreenSaverQueryInfo to an innocuous variant, in case <limits.h> declares XScreenSaverQueryInfo.
|    For example, HP-UX 11i <limits.h> declares gettimeofday.  */
| #define XScreenSaverQueryInfo innocuous_XScreenSaverQueryInfo
| 
| /* System header to define __stub macros and hopefully few prototypes,
|     which can conflict with char XScreenSaverQueryInfo (); below.
|     Prefer <limits.h> to <assert.h> if __STDC__ is defined, since
|     <limits.h> exists even on freestanding compilers.  */
| 
| #ifdef __STDC__
| # include <limits.h>
| #else
| # include <assert.h>
| #endif
| 
| #undef XScreenSaverQueryInfo
| 
| /* Override any GCC internal prototype to avoid an error.
|    Use char because int might match the return type of a GCC
|    builtin and then its argument prototype would still apply.  */
| #ifdef __cplusplus
| extern "C"
| #endif
| char XScreenSaverQueryInfo ();
| /* The GNU C library defines this for functions which it implements
|     to always fail with ENOSYS.  Some functions are actually named
|     something starting with __ and the normal name is an alias.  */
| #if defined __stub_XScreenSaverQueryInfo || defined __stub___XScreenSaverQueryInfo
| choke me
| #endif
| 
| int
| main ()
| {
| return XScreenSaverQueryInfo ();
|   ;
|   return 0;
| }
configure:15152: result: no
configure:15160: checking for XScreenSaverQueryInfo in -lXss
configure:15185: gcc -o conftest -g -O2 -fstack-protector --param=ssp-buffer-size=4 -Wformat -Werror=format-security -Wall -D_FORTIFY_SOURCE=2 -Wl,-Bsymbolic-functions -Wl,-z,relro conftest.c -lXss    -lSM -lICE  -lXss -lXext -lX11 >&5
configure:15185: $? = 0
configure:15194: result: yes
configure:15255: checking which gtk+ version to compile against
configure:15268: result: 2.0
configure:15341: checking for pkg-config
configure:15359: found /usr/bin/pkg-config
configure:15371: result: /usr/bin/pkg-config
configure:15396: checking pkg-config is at least version 0.9.0
configure:15399: result: yes
configure:15409: checking for LIBCANBERRA_GTK
configure:15416: $PKG_CONFIG --exists --print-errors "libcanberra-gtk$LIBCANBERRA_API_VERSION"
configure:15419: $? = 0
configure:15433: $PKG_CONFIG --exists --print-errors "libcanberra-gtk$LIBCANBERRA_API_VERSION"
configure:15436: $? = 0
configure:15474: result: yes
configure:15512: $PKG_CONFIG --exists --print-errors "appindicator-0.1 >= $APPINDICATOR_REQUIRED"
Package appindicator-0.1 was not found in the pkg-config search path.
Perhaps you should add the directory containing `appindicator-0.1.pc'
to the PKG_CONFIG_PATH environment variable
No package 'appindicator-0.1' found
configure:15515: $? = 1
configure:15644: checking X11/Xlib.h usability
configure:15644: gcc -c -g -O2 -fstack-protector --param=ssp-buffer-size=4 -Wformat -Werror=format-security -Wall -D_FORTIFY_SOURCE=2  conftest.c >&5
configure:15644: $? = 0
configure:15644: result: yes
configure:15644: checking X11/Xlib.h presence
configure:15644: gcc -E -D_FORTIFY_SOURCE=2  conftest.c
configure:15644: $? = 0
configure:15644: result: yes
configure:15644: checking for X11/Xlib.h
configure:15644: result: yes
configure:15654: checking for XF86MiscQueryExtension in -lXxf86misc
configure:15679: gcc -o conftest -g -O2 -fstack-protector --param=ssp-buffer-size=4 -Wformat -Werror=format-security -Wall -D_FORTIFY_SOURCE=2  -Wl,-Bsymbolic-functions -Wl,-z,relro conftest.c -lXxf86misc   >&5
/usr/bin/ld: cannot find -lXxf86misc
collect2: error: ld returned 1 exit status
configure:15679: $? = 1
configure: failed program was:
| /* confdefs.h */
| #define PACKAGE_NAME "mate-control-center"
| #define PACKAGE_TARNAME "mate-control-center"
| #define PACKAGE_VERSION "1.8.1"
| #define PACKAGE_STRING "mate-control-center 1.8.1"
| #define PACKAGE_BUGREPORT "htts://www.mate-desktop.org/"
| #define PACKAGE_URL ""
| #define PACKAGE "mate-control-center"
| #define VERSION "1.8.1"
| #define STDC_HEADERS 1
| #define HAVE_SYS_TYPES_H 1
| #define HAVE_SYS_STAT_H 1
| #define HAVE_STDLIB_H 1
| #define HAVE_STRING_H 1
| #define HAVE_MEMORY_H 1
| #define HAVE_STRINGS_H 1
| #define HAVE_INTTYPES_H 1
| #define HAVE_STDINT_H 1
| #define HAVE_UNISTD_H 1
| #define HAVE_DLFCN_H 1
| #define LT_OBJDIR ".libs/"
| #define GETTEXT_PACKAGE "mate-control-center"
| #define HAVE_LOCALE_H 1
| #define HAVE_LC_MESSAGES 1
| #define HAVE_BIND_TEXTDOMAIN_CODESET 1
| #define HAVE_GETTEXT 1
| #define HAVE_DCGETTEXT 1
| #define ENABLE_NLS 1
| #define HAVE_X11_XLIB_H 1
| /* end confdefs.h.  */
| 
| /* Override any GCC internal prototype to avoid an error.
|    Use char because int might match the return type of a GCC
|    builtin and then its argument prototype would still apply.  */
| #ifdef __cplusplus
| extern "C"
| #endif
| char XF86MiscQueryExtension ();
| int
| main ()
| {
| return XF86MiscQueryExtension ();
|   ;
|   return 0;
| }
configure:15688: result: no
configure:15713: checking X11/extensions/XKB.h usability
configure:15713: gcc -c -g -O2 -fstack-protector --param=ssp-buffer-size=4 -Wformat -Werror=format-security -Wall -D_FORTIFY_SOURCE=2  conftest.c >&5
configure:15713: $? = 0
configure:15713: result: yes
configure:15713: checking X11/extensions/XKB.h presence
configure:15713: gcc -E -D_FORTIFY_SOURCE=2  conftest.c
configure:15713: $? = 0
configure:15713: result: yes
configure:15713: checking for X11/extensions/XKB.h
configure:15713: result: yes
configure:15725: checking for floor in -lm
configure:15750: gcc -o conftest -g -O2 -fstack-protector --param=ssp-buffer-size=4 -Wformat -Werror=format-security -Wall -D_FORTIFY_SOURCE=2 -Wl,-Bsymbolic-functions -Wl,-z,relro conftest.c -lm   >&5
conftest.c:39:6: warning: conflicting types for built-in function 'floor' [enabled by default]
 char floor ();
      ^
configure:15750: $? = 0
configure:15759: result: yes
configure:15775: checking for GMODULE
configure:15782: $PKG_CONFIG --exists --print-errors "gmodule-2.0"
configure:15785: $? = 0
configure:15799: $PKG_CONFIG --exists --print-errors "gmodule-2.0"
configure:15802: $? = 0
configure:15840: result: yes
configure:15847: checking for CAPPLET
configure:15854: $PKG_CONFIG --exists --print-errors "$COMMON_MODULES"
configure:15857: $? = 0
configure:15871: $PKG_CONFIG --exists --print-errors "$COMMON_MODULES"
configure:15874: $? = 0
configure:15932: result: yes
configure:15938: checking for MATECC
configure:15945: $PKG_CONFIG --exists --print-errors "$COMMON_MODULES libmate-menu >= 1.1.0"
configure:15948: $? = 0
configure:15962: $PKG_CONFIG --exists --print-errors "$COMMON_MODULES libmate-menu >= 1.1.0"
configure:15965: $? = 0
configure:16023: result: yes
configure:16029: checking for MATECC_SHELL
configure:16036: $PKG_CONFIG --exists --print-errors "$COMMON_MODULES libmate-menu unique-$LIBUNIQUE_API_VERSION"
configure:16039: $? = 0
configure:16053: $PKG_CONFIG --exists --print-errors "$COMMON_MODULES libmate-menu unique-$LIBUNIQUE_API_VERSION"
configure:16056: $? = 0
configure:16114: result: yes
configure:16120: checking for DBUS
configure:16127: $PKG_CONFIG --exists --print-errors "dbus-1 dbus-glib-1"
configure:16130: $? = 0
configure:16144: $PKG_CONFIG --exists --print-errors "dbus-1 dbus-glib-1"
configure:16147: $? = 0
configure:16205: result: yes
configure:16211: checking for MATE_DESKTOP
configure:16218: $PKG_CONFIG --exists --print-errors "mate-desktop-2.0 >= MATE_DESKTOP_REQUIRED"
configure:16221: $? = 0
configure:16235: $PKG_CONFIG --exists --print-errors "mate-desktop-2.0 >= MATE_DESKTOP_REQUIRED"
configure:16238: $? = 0
configure:16296: result: yes
configure:16302: checking for DEFAULT_APPLICATIONS_CAPPLET
configure:16309: $PKG_CONFIG --exists --print-errors "libxml-2.0"
configure:16312: $? = 0
configure:16326: $PKG_CONFIG --exists --print-errors "libxml-2.0"
configure:16329: $? = 0
configure:16387: result: yes
configure:16393: checking for MARCO
configure:16400: $PKG_CONFIG --exists --print-errors "libmarco-private >= 1.5.0"
configure:16403: $? = 0
configure:16417: $PKG_CONFIG --exists --print-errors "libmarco-private >= 1.5.0"
configure:16420: $? = 0
configure:16478: result: yes
configure:16484: checking for TYPING
configure:16491: $PKG_CONFIG --exists --print-errors "$GMODULE_ADD glib-2.0 > 2.11 gio-2.0 gtk+-$GTK_API_VERSION"
configure:16494: $? = 0
configure:16508: $PKG_CONFIG --exists --print-errors "$GMODULE_ADD glib-2.0 > 2.11 gio-2.0 gtk+-$GTK_API_VERSION"
configure:16511: $? = 0
configure:16569: result: yes
configure:16575: checking for GSD_DBUS
configure:16582: $PKG_CONFIG --exists --print-errors "mate-settings-daemon >= 1.5.2"
configure:16585: $? = 0
configure:16599: $PKG_CONFIG --exists --print-errors "mate-settings-daemon >= 1.5.2"
configure:16602: $? = 0
configure:16660: result: yes
configure:16666: checking for GIO
configure:16673: $PKG_CONFIG --exists --print-errors "gio-2.0"
configure:16676: $? = 0
configure:16690: $PKG_CONFIG --exists --print-errors "gio-2.0"
configure:16693: $? = 0
configure:16751: result: yes
configure:16758: checking for DCONF
configure:16765: $PKG_CONFIG --exists --print-errors "dconf >= 0.13.4"
configure:16768: $? = 0
configure:16782: $PKG_CONFIG --exists --print-errors "dconf >= 0.13.4"
configure:16785: $? = 0
configure:17011: result: yes
configure:17027: checking for GLIB
configure:17034: $PKG_CONFIG --exists --print-errors "glib-2.0 $GMODULE_ADD"
configure:17037: $? = 0
configure:17051: $PKG_CONFIG --exists --print-errors "glib-2.0 $GMODULE_ADD"
configure:17054: $? = 0
configure:17112: result: yes
configure:17119: checking for LIBSLAB
configure:17128: $PKG_CONFIG --exists --print-errors "
			   gio-2.0 mate-desktop-2.0 librsvg-2.0 libmate-menu pango
			   "
configure:17133: $? = 0
configure:17151: $PKG_CONFIG --exists --print-errors "
			   gio-2.0 mate-desktop-2.0 librsvg-2.0 libmate-menu pango
			   "
configure:17156: $? = 0
configure:17200: result: yes
configure:17229: checking for FONT_CAPPLET
configure:17236: $PKG_CONFIG --exists --print-errors "$COMMON_MODULES $xft_modules fontconfig"
configure:17239: $? = 0
configure:17253: $PKG_CONFIG --exists --print-errors "$COMMON_MODULES $xft_modules fontconfig"
configure:17256: $? = 0
configure:17314: result: yes
configure:17320: checking for FONT_VIEWER
configure:17327: $PKG_CONFIG --exists --print-errors "$COMMON_MODULES $xft_modules freetype2"
configure:17330: $? = 0
configure:17344: $PKG_CONFIG --exists --print-errors "$COMMON_MODULES $xft_modules freetype2"
configure:17347: $? = 0
configure:17405: result: yes
configure:17412: checking for AT_CAPPLET
configure:17419: $PKG_CONFIG --exists --print-errors "$COMMON_MODULES"
configure:17422: $? = 0
configure:17436: $PKG_CONFIG --exists --print-errors "$COMMON_MODULES"
configure:17439: $? = 0
configure:17497: result: yes
configure:17504: checking for DISPLAY_CAPPLET
configure:17511: $PKG_CONFIG --exists --print-errors "$COMMON_MODULES"
configure:17514: $? = 0
configure:17528: $PKG_CONFIG --exists --print-errors "$COMMON_MODULES"
configure:17531: $? = 0
configure:17589: result: yes
configure:17601: checking for XCURSOR
configure:17610: $PKG_CONFIG --exists --print-errors "
	xcursor
	"
configure:17615: $? = 0
configure:17633: $PKG_CONFIG --exists --print-errors "
	xcursor
	"
configure:17638: $? = 0
configure:17682: result: yes
configure:17701: checking for XCURSOR cursor location
configure:17713: result: /usr/share/icons
configure:17722: checking for XINPUT
configure:17729: $PKG_CONFIG --exists --print-errors "xi >= 1.2"
configure:17732: $? = 0
configure:17746: $PKG_CONFIG --exists --print-errors "xi >= 1.2"
configure:17749: $? = 0
configure:17787: result: yes
configure:17809: checking for LIBMATEKBD
configure:17816: $PKG_CONFIG --exists --print-errors "libmatekbd >= 1.1.0 libxklavier >= 4.0"
configure:17819: $? = 0
configure:17833: $PKG_CONFIG --exists --print-errors "libmatekbd >= 1.1.0 libxklavier >= 4.0"
configure:17836: $? = 0
configure:17894: result: yes
configure:17903: checking for LIBMATEKBDUI
configure:17910: $PKG_CONFIG --exists --print-errors "libmatekbdui >= 1.1.0"
configure:17913: $? = 0
configure:17927: $PKG_CONFIG --exists --print-errors "libmatekbdui >= 1.1.0"
configure:17930: $? = 0
configure:17988: result: yes
configure:17998: checking for glib-genmarshal
configure:18016: found /usr/bin/glib-genmarshal
configure:18029: result: /usr/bin/glib-genmarshal
configure:18111: checking for pkg-config
configure:18141: result: /usr/bin/pkg-config
configure:18166: checking pkg-config is at least version 0.16
configure:18169: result: yes
configure:18297: checking for update-mime-database
configure:18315: found /usr/bin/update-mime-database
configure:18328: result: /usr/bin/update-mime-database
configure:18482: checking that generated files are newer than configure
configure:18488: result: done
configure:18551: creating ./config.status

## ---------------------- ##
## Running config.status. ##
## ---------------------- ##

This file was extended by mate-control-center config.status 1.8.1, which was
generated by GNU Autoconf 2.69.  Invocation command line was

  CONFIG_FILES    = 
  CONFIG_HEADERS  = 
  CONFIG_LINKS    = 
  CONFIG_COMMANDS = 
  $ ./config.status 

on jenkins

config.status:1568: creating Makefile
config.status:1568: creating capplets/Makefile
config.status:1568: creating capplets/about-me/Makefile
config.status:1568: creating capplets/about-me/mate-about-me.desktop.in
config.status:1568: creating capplets/about-me/icons/Makefile
config.status:1568: creating capplets/accessibility/Makefile
config.status:1568: creating capplets/accessibility/at-properties/mate-at-properties.desktop.in
config.status:1568: creating capplets/accessibility/at-properties/Makefile
config.status:1568: creating capplets/appearance/Makefile
config.status:1568: creating capplets/appearance/data/Makefile
config.status:1568: creating capplets/appearance/data/mate-appearance-properties.desktop.in
config.status:1568: creating capplets/appearance/data/mate-theme-installer.desktop.in
config.status:1568: creating capplets/common/Makefile
config.status:1568: creating capplets/default-applications/Makefile
config.status:1568: creating capplets/default-applications/mate-default-applications-properties.desktop.in
config.status:1568: creating capplets/default-applications/mate-default-applications.pc
config.status:1568: creating capplets/display/Makefile
config.status:1568: creating capplets/display/mate-display-properties.desktop.in
config.status:1568: creating capplets/keybindings/Makefile
config.status:1568: creating capplets/keybindings/mate-keybindings.pc
config.status:1568: creating capplets/keybindings/mate-keybinding.desktop.in
config.status:1568: creating capplets/keyboard/Makefile
config.status:1568: creating capplets/keyboard/mate-keyboard.desktop.in
config.status:1568: creating capplets/mouse/Makefile
config.status:1568: creating capplets/mouse/mate-settings-mouse.desktop.in
config.status:1568: creating capplets/network/Makefile
config.status:1568: creating capplets/network/mate-network-properties.desktop.in
config.status:1568: creating capplets/windows/Makefile
config.status:1568: creating capplets/windows/mate-window-properties.desktop.in
config.status:1568: creating font-viewer/Makefile
config.status:1568: creating font-viewer/mate-font-viewer.desktop.in
config.status:1568: creating help/Makefile
config.status:1568: creating libwindow-settings/Makefile
config.status:1568: creating libwindow-settings/mate-window-settings-2.0.pc
config.status:1568: creating po/Makefile.in
config.status:1568: creating libslab/libslab.pc
config.status:1568: creating libslab/Makefile
config.status:1568: creating shell/Makefile
config.status:1568: creating shell/matecc.desktop.in
config.status:1568: creating typing-break/Makefile
config.status:1568: creating config.h
config.status:1797: executing depfiles commands
config.status:1797: executing libtool commands
config.status:1797: executing default-1 commands
config.status:1797: executing po/stamp-it commands
configure:20836: WARNING: unrecognized options: --disable-scrollkeeper

## ---------------- ##
## Cache variables. ##
## ---------------- ##

ac_cv_build=x86_64-pc-linux-gnu
ac_cv_c_compiler_gnu=yes
ac_cv_env_APP_INDICATOR_CFLAGS_set=
ac_cv_env_APP_INDICATOR_CFLAGS_value=
ac_cv_env_APP_INDICATOR_LIBS_set=
ac_cv_env_APP_INDICATOR_LIBS_value=
ac_cv_env_AT_CAPPLET_CFLAGS_set=
ac_cv_env_AT_CAPPLET_CFLAGS_value=
ac_cv_env_AT_CAPPLET_LIBS_set=
ac_cv_env_AT_CAPPLET_LIBS_value=
ac_cv_env_CAPPLET_CFLAGS_set=
ac_cv_env_CAPPLET_CFLAGS_value=
ac_cv_env_CAPPLET_LIBS_set=
ac_cv_env_CAPPLET_LIBS_value=
ac_cv_env_CC_set=
ac_cv_env_CC_value=
ac_cv_env_CFLAGS_set=set
ac_cv_env_CFLAGS_value='-g -O2 -fstack-protector --param=ssp-buffer-size=4 -Wformat -Werror=format-security'
ac_cv_env_CPPFLAGS_set=set
ac_cv_env_CPPFLAGS_value=-D_FORTIFY_SOURCE=2
ac_cv_env_CPP_set=
ac_cv_env_CPP_value=
ac_cv_env_DBUS_CFLAGS_set=
ac_cv_env_DBUS_CFLAGS_value=
ac_cv_env_DBUS_LIBS_set=
ac_cv_env_DBUS_LIBS_value=
ac_cv_env_DCONF_CFLAGS_set=
ac_cv_env_DCONF_CFLAGS_value=
ac_cv_env_DCONF_LIBS_set=
ac_cv_env_DCONF_LIBS_value=
ac_cv_env_DEFAULT_APPLICATIONS_CAPPLET_CFLAGS_set=
ac_cv_env_DEFAULT_APPLICATIONS_CAPPLET_CFLAGS_value=
ac_cv_env_DEFAULT_APPLICATIONS_CAPPLET_LIBS_set=
ac_cv_env_DEFAULT_APPLICATIONS_CAPPLET_LIBS_value=
ac_cv_env_DISPLAY_CAPPLET_CFLAGS_set=
ac_cv_env_DISPLAY_CAPPLET_CFLAGS_value=
ac_cv_env_DISPLAY_CAPPLET_LIBS_set=
ac_cv_env_DISPLAY_CAPPLET_LIBS_value=
ac_cv_env_FONT_CAPPLET_CFLAGS_set=
ac_cv_env_FONT_CAPPLET_CFLAGS_value=
ac_cv_env_FONT_CAPPLET_LIBS_set=
ac_cv_env_FONT_CAPPLET_LIBS_value=
ac_cv_env_FONT_VIEWER_CFLAGS_set=
ac_cv_env_FONT_VIEWER_CFLAGS_value=
ac_cv_env_FONT_VIEWER_LIBS_set=
ac_cv_env_FONT_VIEWER_LIBS_value=
ac_cv_env_GIO_CFLAGS_set=
ac_cv_env_GIO_CFLAGS_value=
ac_cv_env_GIO_LIBS_set=
ac_cv_env_GIO_LIBS_value=
ac_cv_env_GLIB_CFLAGS_set=
ac_cv_env_GLIB_CFLAGS_value=
ac_cv_env_GLIB_LIBS_set=
ac_cv_env_GLIB_LIBS_value=
ac_cv_env_GMODULE_CFLAGS_set=
ac_cv_env_GMODULE_CFLAGS_value=
ac_cv_env_GMODULE_LIBS_set=
ac_cv_env_GMODULE_LIBS_value=
ac_cv_env_GSD_DBUS_CFLAGS_set=
ac_cv_env_GSD_DBUS_CFLAGS_value=
ac_cv_env_GSD_DBUS_LIBS_set=
ac_cv_env_GSD_DBUS_LIBS_value=
ac_cv_env_ITSTOOL_set=
ac_cv_env_ITSTOOL_value=
ac_cv_env_LDFLAGS_set=set
ac_cv_env_LDFLAGS_value='-Wl,-Bsymbolic-functions -Wl,-z,relro'
ac_cv_env_LIBCANBERRA_GTK_CFLAGS_set=
ac_cv_env_LIBCANBERRA_GTK_CFLAGS_value=
ac_cv_env_LIBCANBERRA_GTK_LIBS_set=
ac_cv_env_LIBCANBERRA_GTK_LIBS_value=
ac_cv_env_LIBMATEKBDUI_CFLAGS_set=
ac_cv_env_LIBMATEKBDUI_CFLAGS_value=
ac_cv_env_LIBMATEKBDUI_LIBS_set=
ac_cv_env_LIBMATEKBDUI_LIBS_value=
ac_cv_env_LIBMATEKBD_CFLAGS_set=
ac_cv_env_LIBMATEKBD_CFLAGS_value=
ac_cv_env_LIBMATEKBD_LIBS_set=
ac_cv_env_LIBMATEKBD_LIBS_value=
ac_cv_env_LIBSLAB_CFLAGS_set=
ac_cv_env_LIBSLAB_CFLAGS_value=
ac_cv_env_LIBSLAB_LIBS_set=
ac_cv_env_LIBSLAB_LIBS_value=
ac_cv_env_LIBS_set=
ac_cv_env_LIBS_value=
ac_cv_env_MARCO_CFLAGS_set=
ac_cv_env_MARCO_CFLAGS_value=
ac_cv_env_MARCO_LIBS_set=
ac_cv_env_MARCO_LIBS_value=
ac_cv_env_MATECC_CFLAGS_set=
ac_cv_env_MATECC_CFLAGS_value=
ac_cv_env_MATECC_LIBS_set=
ac_cv_env_MATECC_LIBS_value=
ac_cv_env_MATECC_SHELL_CFLAGS_set=
ac_cv_env_MATECC_SHELL_CFLAGS_value=
ac_cv_env_MATECC_SHELL_LIBS_set=
ac_cv_env_MATECC_SHELL_LIBS_value=
ac_cv_env_MATE_DESKTOP_CFLAGS_set=
ac_cv_env_MATE_DESKTOP_CFLAGS_value=
ac_cv_env_MATE_DESKTOP_LIBS_set=
ac_cv_env_MATE_DESKTOP_LIBS_value=
ac_cv_env_PKG_CONFIG_LIBDIR_set=
ac_cv_env_PKG_CONFIG_LIBDIR_value=
ac_cv_env_PKG_CONFIG_PATH_set=
ac_cv_env_PKG_CONFIG_PATH_value=
ac_cv_env_PKG_CONFIG_set=
ac_cv_env_PKG_CONFIG_value=
ac_cv_env_TYPING_CFLAGS_set=
ac_cv_env_TYPING_CFLAGS_value=
ac_cv_env_TYPING_LIBS_set=
ac_cv_env_TYPING_LIBS_value=
ac_cv_env_XCURSOR_CFLAGS_set=
ac_cv_env_XCURSOR_CFLAGS_value=
ac_cv_env_XCURSOR_LIBS_set=
ac_cv_env_XCURSOR_LIBS_value=
ac_cv_env_XINPUT_CFLAGS_set=
ac_cv_env_XINPUT_CFLAGS_value=
ac_cv_env_XINPUT_LIBS_set=
ac_cv_env_XINPUT_LIBS_value=
ac_cv_env_XMKMF_set=
ac_cv_env_XMKMF_value=
ac_cv_env_XMLLINT_set=
ac_cv_env_XMLLINT_value=
ac_cv_env_build_alias_set=set
ac_cv_env_build_alias_value=x86_64-linux-gnu
ac_cv_env_host_alias_set=
ac_cv_env_host_alias_value=
ac_cv_env_target_alias_set=
ac_cv_env_target_alias_value=
ac_cv_func_XScreenSaverQueryInfo=no
ac_cv_func_bind_textdomain_codeset=yes
ac_cv_func_connect=yes
ac_cv_func_dcgettext=yes
ac_cv_func_gethostbyname=yes
ac_cv_func_remove=yes
ac_cv_func_shmat=yes
ac_cv_have_x='have_x=yes	ac_x_includes='\'''\''	ac_x_libraries='\'''\'''
ac_cv_header_X11_Xlib_h=yes
ac_cv_header_X11_extensions_XKB_h=yes
ac_cv_header_dlfcn_h=yes
ac_cv_header_inttypes_h=yes
ac_cv_header_libintl_h=yes
ac_cv_header_locale_h=yes
ac_cv_header_memory_h=yes
ac_cv_header_stdc=yes
ac_cv_header_stdint_h=yes
ac_cv_header_stdlib_h=yes
ac_cv_header_string_h=yes
ac_cv_header_strings_h=yes
ac_cv_header_sys_stat_h=yes
ac_cv_header_sys_types_h=yes
ac_cv_header_unistd_h=yes
ac_cv_host=x86_64-pc-linux-gnu
ac_cv_lib_ICE_IceConnectionNumber=yes
ac_cv_lib_Xss_XScreenSaverQueryInfo=yes
ac_cv_lib_Xxf86misc_XF86MiscQueryExtension=no
ac_cv_lib_m_floor=yes
ac_cv_objext=o
ac_cv_path_EGREP='/bin/grep -E'
ac_cv_path_FGREP='/bin/grep -F'
ac_cv_path_GLIB_GENMARSHAL=/usr/bin/glib-genmarshal
ac_cv_path_GMSGFMT=/usr/bin/msgfmt
ac_cv_path_GREP=/bin/grep
ac_cv_path_INTLTOOL_EXTRACT=/usr/bin/intltool-extract
ac_cv_path_INTLTOOL_MERGE=/usr/bin/intltool-merge
ac_cv_path_INTLTOOL_PERL=/usr/bin/perl
ac_cv_path_INTLTOOL_UPDATE=/usr/bin/intltool-update
ac_cv_path_MSGFMT=/usr/bin/msgfmt
ac_cv_path_MSGMERGE=/usr/bin/msgmerge
ac_cv_path_SED=/bin/sed
ac_cv_path_UPDATE_MIME_DATABASE=/usr/bin/update-mime-database
ac_cv_path_XGETTEXT=/usr/bin/xgettext
ac_cv_path_ac_pt_PKG_CONFIG=/usr/bin/pkg-config
ac_cv_path_install='/usr/bin/install -c'
ac_cv_path_mkdir=/bin/mkdir
ac_cv_prog_AWK=gawk
ac_cv_prog_CPP='gcc -E'
ac_cv_prog_ITSTOOL=itstool
ac_cv_prog_XMLLINT=xmllint
ac_cv_prog_ac_ct_AR=ar
ac_cv_prog_ac_ct_CC=gcc
ac_cv_prog_ac_ct_MANIFEST_TOOL=mt
ac_cv_prog_ac_ct_OBJDUMP=objdump
ac_cv_prog_ac_ct_RANLIB=ranlib
ac_cv_prog_ac_ct_STRIP=strip
ac_cv_prog_cc_c89=
ac_cv_prog_cc_g=yes
ac_cv_prog_make_make_set=yes
ac_cv_search_strerror='none required'
am_cv_CC_dependencies_compiler_type=none
am_cv_make_support_nested_variables=yes
am_cv_prog_cc_c_o=yes
am_cv_prog_tar_ustar=gnutar
am_cv_val_LC_MESSAGES=yes
gt_cv_func_dgettext_libc=yes
gt_cv_func_dgettext_libintl=no
gt_cv_func_ngettext_libc=yes
gt_cv_have_gettext=yes
lt_cv_ar_at_file=@
lt_cv_archive_cmds_need_lc=no
lt_cv_deplibs_check_method=pass_all
lt_cv_file_magic_cmd='$MAGIC_CMD'
lt_cv_file_magic_test_file=
lt_cv_ld_reload_flag=-r
lt_cv_nm_interface='BSD nm'
lt_cv_objdir=.libs
lt_cv_path_LD=/usr/bin/ld
lt_cv_path_NM='/usr/bin/nm -B'
lt_cv_path_mainfest_tool=no
lt_cv_prog_compiler_c_o=yes
lt_cv_prog_compiler_pic='-fPIC -DPIC'
lt_cv_prog_compiler_pic_works=yes
lt_cv_prog_compiler_rtti_exceptions=no
lt_cv_prog_compiler_static_works=yes
lt_cv_prog_gnu_ld=yes
lt_cv_sharedlib_from_linklib_cmd='printf %s\n'
lt_cv_shlibpath_overrides_runpath=no
lt_cv_sys_global_symbol_pipe='sed -n -e '\''s/^.*[	 ]\([ABCDGIRSTW][ABCDGIRSTW]*\)[	 ][	 ]*\([_A-Za-z][_A-Za-z0-9]*\)$/\1 \2 \2/p'\'' | sed '\''/ __gnu_lto/d'\'''
lt_cv_sys_global_symbol_to_c_name_address='sed -n -e '\''s/^: \([^ ]*\)[ ]*$/  {\"\1\", (void *) 0},/p'\'' -e '\''s/^[ABCDGIRSTW]* \([^ ]*\) \([^ ]*\)$/  {"\2", (void *) \&\2},/p'\'''
lt_cv_sys_global_symbol_to_c_name_address_lib_prefix='sed -n -e '\''s/^: \([^ ]*\)[ ]*$/  {\"\1\", (void *) 0},/p'\'' -e '\''s/^[ABCDGIRSTW]* \([^ ]*\) \(lib[^ ]*\)$/  {"\2", (void *) \&\2},/p'\'' -e '\''s/^[ABCDGIRSTW]* \([^ ]*\) \([^ ]*\)$/  {"lib\2", (void *) \&\2},/p'\'''
lt_cv_sys_global_symbol_to_cdecl='sed -n -e '\''s/^T .* \(.*\)$/extern int \1();/p'\'' -e '\''s/^[ABCDGIRSTW]* .* \(.*\)$/extern char \1;/p'\'''
lt_cv_sys_max_cmd_len=3458764513820540925
lt_cv_to_host_file_cmd=func_convert_file_noop
lt_cv_to_tool_file_cmd=func_convert_file_noop
pkg_cv_AT_CAPPLET_CFLAGS='-pthread -I/usr/include/gtk-2.0 -I/usr/lib/x86_64-linux-gnu/gtk-2.0/include -I/usr/include/atk-1.0 -I/usr/include/cairo -I/usr/include/gdk-pixbuf-2.0 -I/usr/include/pango-1.0 -I/usr/include/gio-unix-2.0/ -I/usr/include/freetype2 -I/usr/include/glib-2.0 -I/usr/lib/x86_64-linux-gnu/glib-2.0/include -I/usr/include/pixman-1 -I/usr/include/libpng12 -I/usr/include/harfbuzz -I/usr/include/libxml2 -I/usr/include/mate-desktop-2.0 -I/usr/include/dconf -I/usr/include/startup-notification-1.0  '
pkg_cv_AT_CAPPLET_LIBS='-Wl,--export-dynamic -pthread -lgmodule-2.0 -lgthread-2.0 -lxml2 -lmate-desktop-2 -lgtk-x11-2.0 -lstartup-notification-1 -lgdk-x11-2.0 -latk-1.0 -lgio-2.0 -lpangoft2-1.0 -lpangocairo-1.0 -lgdk_pixbuf-2.0 -lcairo -lpango-1.0 -lfontconfig -lgobject-2.0 -lglib-2.0 -lfreetype  '
pkg_cv_CAPPLET_CFLAGS='-pthread -I/usr/include/gtk-2.0 -I/usr/lib/x86_64-linux-gnu/gtk-2.0/include -I/usr/include/atk-1.0 -I/usr/include/cairo -I/usr/include/gdk-pixbuf-2.0 -I/usr/include/pango-1.0 -I/usr/include/gio-unix-2.0/ -I/usr/include/freetype2 -I/usr/include/glib-2.0 -I/usr/lib/x86_64-linux-gnu/glib-2.0/include -I/usr/include/pixman-1 -I/usr/include/libpng12 -I/usr/include/harfbuzz -I/usr/include/libxml2 -I/usr/include/mate-desktop-2.0 -I/usr/include/dconf -I/usr/include/startup-notification-1.0  '
pkg_cv_CAPPLET_LIBS='-Wl,--export-dynamic -pthread -lgmodule-2.0 -lgthread-2.0 -lxml2 -lmate-desktop-2 -lgtk-x11-2.0 -lstartup-notification-1 -lgdk-x11-2.0 -latk-1.0 -lgio-2.0 -lpangoft2-1.0 -lpangocairo-1.0 -lgdk_pixbuf-2.0 -lcairo -lpango-1.0 -lfontconfig -lgobject-2.0 -lglib-2.0 -lfreetype  '
pkg_cv_DBUS_CFLAGS='-I/usr/include/dbus-1.0 -I/usr/lib/x86_64-linux-gnu/dbus-1.0/include -I/usr/include/glib-2.0 -I/usr/lib/x86_64-linux-gnu/glib-2.0/include  '
pkg_cv_DBUS_LIBS='-ldbus-glib-1 -ldbus-1 -lgobject-2.0 -lglib-2.0  '
pkg_cv_DCONF_CFLAGS='-pthread -I/usr/include/dconf -I/usr/include/glib-2.0 -I/usr/lib/x86_64-linux-gnu/glib-2.0/include  '
pkg_cv_DCONF_LIBS='-ldconf -lgio-2.0 -lgobject-2.0 -lglib-2.0  '
pkg_cv_DEFAULT_APPLICATIONS_CAPPLET_CFLAGS='-I/usr/include/libxml2  '
pkg_cv_DEFAULT_APPLICATIONS_CAPPLET_LIBS='-lxml2  '
pkg_cv_DISPLAY_CAPPLET_CFLAGS='-pthread -I/usr/include/gtk-2.0 -I/usr/lib/x86_64-linux-gnu/gtk-2.0/include -I/usr/include/atk-1.0 -I/usr/include/cairo -I/usr/include/gdk-pixbuf-2.0 -I/usr/include/pango-1.0 -I/usr/include/gio-unix-2.0/ -I/usr/include/freetype2 -I/usr/include/glib-2.0 -I/usr/lib/x86_64-linux-gnu/glib-2.0/include -I/usr/include/pixman-1 -I/usr/include/libpng12 -I/usr/include/harfbuzz -I/usr/include/libxml2 -I/usr/include/mate-desktop-2.0 -I/usr/include/dconf -I/usr/include/startup-notification-1.0  '
pkg_cv_DISPLAY_CAPPLET_LIBS='-Wl,--export-dynamic -pthread -lgmodule-2.0 -lgthread-2.0 -lxml2 -lmate-desktop-2 -lgtk-x11-2.0 -lstartup-notification-1 -lgdk-x11-2.0 -latk-1.0 -lgio-2.0 -lpangoft2-1.0 -lpangocairo-1.0 -lgdk_pixbuf-2.0 -lcairo -lpango-1.0 -lfontconfig -lgobject-2.0 -lglib-2.0 -lfreetype  '
pkg_cv_FONT_CAPPLET_CFLAGS='-pthread -I/usr/include/gtk-2.0 -I/usr/lib/x86_64-linux-gnu/gtk-2.0/include -I/usr/include/atk-1.0 -I/usr/include/cairo -I/usr/include/gdk-pixbuf-2.0 -I/usr/include/pango-1.0 -I/usr/include/gio-unix-2.0/ -I/usr/include/freetype2 -I/usr/include/glib-2.0 -I/usr/lib/x86_64-linux-gnu/glib-2.0/include -I/usr/include/pixman-1 -I/usr/include/libpng12 -I/usr/include/harfbuzz -I/usr/include/libxml2 -I/usr/include/mate-desktop-2.0 -I/usr/include/dconf -I/usr/include/startup-notification-1.0  '
pkg_cv_FONT_CAPPLET_LIBS='-Wl,--export-dynamic -pthread -lgmodule-2.0 -lgthread-2.0 -lxml2 -lmate-desktop-2 -lgtk-x11-2.0 -lstartup-notification-1 -lgdk-x11-2.0 -latk-1.0 -lgio-2.0 -lpangoft2-1.0 -lpangocairo-1.0 -lgdk_pixbuf-2.0 -lcairo -lpango-1.0 -lgobject-2.0 -lglib-2.0 -lXft -lfontconfig -lfreetype  '
pkg_cv_FONT_VIEWER_CFLAGS='-pthread -I/usr/include/gtk-2.0 -I/usr/lib/x86_64-linux-gnu/gtk-2.0/include -I/usr/include/atk-1.0 -I/usr/include/cairo -I/usr/include/gdk-pixbuf-2.0 -I/usr/include/pango-1.0 -I/usr/include/gio-unix-2.0/ -I/usr/include/freetype2 -I/usr/include/glib-2.0 -I/usr/lib/x86_64-linux-gnu/glib-2.0/include -I/usr/include/pixman-1 -I/usr/include/libpng12 -I/usr/include/harfbuzz -I/usr/include/libxml2 -I/usr/include/mate-desktop-2.0 -I/usr/include/dconf -I/usr/include/startup-notification-1.0  '
pkg_cv_FONT_VIEWER_LIBS='-Wl,--export-dynamic -pthread -lgmodule-2.0 -lgthread-2.0 -lxml2 -lmate-desktop-2 -lgtk-x11-2.0 -lstartup-notification-1 -lgdk-x11-2.0 -latk-1.0 -lgio-2.0 -lpangoft2-1.0 -lpangocairo-1.0 -lgdk_pixbuf-2.0 -lcairo -lpango-1.0 -lfontconfig -lgobject-2.0 -lglib-2.0 -lXft -lfreetype  '
pkg_cv_GIO_CFLAGS='-pthread -I/usr/include/glib-2.0 -I/usr/lib/x86_64-linux-gnu/glib-2.0/include  '
pkg_cv_GIO_LIBS='-lgio-2.0 -lgobject-2.0 -lglib-2.0  '
pkg_cv_GLIB_CFLAGS='-pthread -I/usr/include/glib-2.0 -I/usr/lib/x86_64-linux-gnu/glib-2.0/include  '
pkg_cv_GLIB_LIBS='-Wl,--export-dynamic -pthread -lgmodule-2.0 -lglib-2.0  '
pkg_cv_GMODULE_CFLAGS='-pthread -I/usr/include/glib-2.0 -I/usr/lib/x86_64-linux-gnu/glib-2.0/include  '
pkg_cv_GMODULE_LIBS='-Wl,--export-dynamic -pthread -lgmodule-2.0 -lglib-2.0  '
pkg_cv_GSD_DBUS_CFLAGS='-I/usr/include/glib-2.0 -I/usr/lib/x86_64-linux-gnu/glib-2.0/include -I/usr/include/dbus-1.0 -I/usr/lib/x86_64-linux-gnu/dbus-1.0/include -I/usr/include/mate-settings-daemon-2.0  '
pkg_cv_GSD_DBUS_LIBS='-ldbus-glib-1 -ldbus-1 -lgobject-2.0 -lglib-2.0  '
pkg_cv_LIBCANBERRA_GTK_CFLAGS='-D_REENTRANT -pthread -I/usr/include/gtk-2.0 -I/usr/lib/x86_64-linux-gnu/gtk-2.0/include -I/usr/include/gio-unix-2.0/ -I/usr/include/freetype2 -I/usr/include/cairo -I/usr/include/pango-1.0 -I/usr/include/gdk-pixbuf-2.0 -I/usr/include/glib-2.0 -I/usr/lib/x86_64-linux-gnu/glib-2.0/include -I/usr/include/pixman-1 -I/usr/include/libpng12 -I/usr/include/atk-1.0 -I/usr/include/harfbuzz  '
pkg_cv_LIBCANBERRA_GTK_LIBS='-lcanberra-gtk -lX11 -lcanberra -lgtk-x11-2.0 -lgdk-x11-2.0 -latk-1.0 -lgio-2.0 -lpangoft2-1.0 -lpangocairo-1.0 -lgdk_pixbuf-2.0 -lcairo -lpango-1.0 -lfontconfig -lgobject-2.0 -lglib-2.0 -lfreetype  '
pkg_cv_LIBMATEKBDUI_CFLAGS='-pthread -I/usr/include/gtk-2.0 -I/usr/lib/x86_64-linux-gnu/gtk-2.0/include -I/usr/include/glib-2.0 -I/usr/lib/x86_64-linux-gnu/glib-2.0/include -I/usr/include/gio-unix-2.0/ -I/usr/include/freetype2 -I/usr/include/cairo -I/usr/include/pango-1.0 -I/usr/include/gdk-pixbuf-2.0 -I/usr/include/pixman-1 -I/usr/include/libpng12 -I/usr/include/libxml2  '
pkg_cv_LIBMATEKBDUI_LIBS='-Wl,--export-dynamic -pthread -lmatekbdui -lmatekbd -lgmodule-2.0 -lgdk-x11-2.0 -lgio-2.0 -lxklavier -lpangocairo-1.0 -lgdk_pixbuf-2.0 -lpango-1.0 -lcairo -lgobject-2.0 -lglib-2.0  '
pkg_cv_LIBMATEKBD_CFLAGS='-pthread -I/usr/include/gtk-2.0 -I/usr/lib/x86_64-linux-gnu/gtk-2.0/include -I/usr/include/glib-2.0 -I/usr/lib/x86_64-linux-gnu/glib-2.0/include -I/usr/include/gio-unix-2.0/ -I/usr/include/freetype2 -I/usr/include/cairo -I/usr/include/pango-1.0 -I/usr/include/gdk-pixbuf-2.0 -I/usr/include/pixman-1 -I/usr/include/libpng12 -I/usr/include/libxml2  '
pkg_cv_LIBMATEKBD_LIBS='-Wl,--export-dynamic -pthread -lmatekbd -lgmodule-2.0 -lgdk-x11-2.0 -lgio-2.0 -lpangocairo-1.0 -lgdk_pixbuf-2.0 -lpango-1.0 -lcairo -lgobject-2.0 -lglib-2.0 -lxklavier  '
pkg_cv_LIBSLAB_CFLAGS='-pthread -I/usr/include/glib-2.0 -I/usr/lib/x86_64-linux-gnu/glib-2.0/include -I/usr/include/mate-desktop-2.0 -I/usr/include/dconf -I/usr/include/gtk-2.0 -I/usr/include/startup-notification-1.0 -I/usr/lib/x86_64-linux-gnu/gtk-2.0/include -I/usr/include/atk-1.0 -I/usr/include/cairo -I/usr/include/gdk-pixbuf-2.0 -I/usr/include/pango-1.0 -I/usr/include/gio-unix-2.0/ -I/usr/include/freetype2 -I/usr/include/pixman-1 -I/usr/include/libpng12 -I/usr/include/harfbuzz -I/usr/include/librsvg-2.0 -I/usr/include/mate-menus  '
pkg_cv_LIBSLAB_LIBS='-lmate-desktop-2 -lgtk-x11-2.0 -lstartup-notification-1 -lgdk-x11-2.0 -latk-1.0 -lpangoft2-1.0 -lpangocairo-1.0 -lfontconfig -lfreetype -lrsvg-2 -lm -lgio-2.0 -lgdk_pixbuf-2.0 -lcairo -lmate-menu -lpango-1.0 -lgobject-2.0 -lglib-2.0  '
pkg_cv_MARCO_CFLAGS='-pthread -I/usr/include/marco-1 -I/usr/include/gtk-2.0 -I/usr/lib/x86_64-linux-gnu/gtk-2.0/include -I/usr/include/atk-1.0 -I/usr/include/cairo -I/usr/include/gdk-pixbuf-2.0 -I/usr/include/pango-1.0 -I/usr/include/gio-unix-2.0/ -I/usr/include/freetype2 -I/usr/include/glib-2.0 -I/usr/lib/x86_64-linux-gnu/glib-2.0/include -I/usr/include/pixman-1 -I/usr/include/libpng12 -I/usr/include/harfbuzz  '
pkg_cv_MARCO_LIBS='-lmarco-private -lgtk-x11-2.0 -lgdk-x11-2.0 -latk-1.0 -lgio-2.0 -lpangoft2-1.0 -lpangocairo-1.0 -lgdk_pixbuf-2.0 -lcairo -lpango-1.0 -lfontconfig -lgobject-2.0 -lglib-2.0 -lfreetype  '
pkg_cv_MATECC_CFLAGS='-pthread -I/usr/include/gtk-2.0 -I/usr/lib/x86_64-linux-gnu/gtk-2.0/include -I/usr/include/atk-1.0 -I/usr/include/cairo -I/usr/include/gdk-pixbuf-2.0 -I/usr/include/pango-1.0 -I/usr/include/gio-unix-2.0/ -I/usr/include/freetype2 -I/usr/include/glib-2.0 -I/usr/lib/x86_64-linux-gnu/glib-2.0/include -I/usr/include/pixman-1 -I/usr/include/libpng12 -I/usr/include/harfbuzz -I/usr/include/libxml2 -I/usr/include/mate-desktop-2.0 -I/usr/include/dconf -I/usr/include/startup-notification-1.0 -I/usr/include/mate-menus  '
pkg_cv_MATECC_LIBS='-Wl,--export-dynamic -pthread -lgmodule-2.0 -lgthread-2.0 -lxml2 -lmate-desktop-2 -lgtk-x11-2.0 -lstartup-notification-1 -lgdk-x11-2.0 -latk-1.0 -lgio-2.0 -lpangoft2-1.0 -lpangocairo-1.0 -lgdk_pixbuf-2.0 -lcairo -lpango-1.0 -lfontconfig -lgobject-2.0 -lfreetype -lmate-menu -lglib-2.0  '
pkg_cv_MATECC_SHELL_CFLAGS='-pthread -I/usr/include/gtk-2.0 -I/usr/lib/x86_64-linux-gnu/gtk-2.0/include -I/usr/include/atk-1.0 -I/usr/include/cairo -I/usr/include/gdk-pixbuf-2.0 -I/usr/include/pango-1.0 -I/usr/include/gio-unix-2.0/ -I/usr/include/freetype2 -I/usr/include/glib-2.0 -I/usr/lib/x86_64-linux-gnu/glib-2.0/include -I/usr/include/pixman-1 -I/usr/include/libpng12 -I/usr/include/harfbuzz -I/usr/include/libxml2 -I/usr/include/mate-desktop-2.0 -I/usr/include/dconf -I/usr/include/startup-notification-1.0 -I/usr/include/mate-menus -I/usr/include/unique-1.0  '
pkg_cv_MATECC_SHELL_LIBS='-Wl,--export-dynamic -pthread -lgmodule-2.0 -lgthread-2.0 -lxml2 -lmate-desktop-2 -lstartup-notification-1 -lmate-menu -lunique-1.0 -lgtk-x11-2.0 -lgdk-x11-2.0 -latk-1.0 -lgio-2.0 -lpangoft2-1.0 -lpangocairo-1.0 -lgdk_pixbuf-2.0 -lcairo -lpango-1.0 -lfontconfig -lgobject-2.0 -lglib-2.0 -lfreetype  '
pkg_cv_MATE_DESKTOP_CFLAGS='-pthread -I/usr/include/mate-desktop-2.0 -I/usr/include/dconf -I/usr/include/gtk-2.0 -I/usr/include/startup-notification-1.0 -I/usr/include/glib-2.0 -I/usr/lib/x86_64-linux-gnu/glib-2.0/include -I/usr/lib/x86_64-linux-gnu/gtk-2.0/include -I/usr/include/atk-1.0 -I/usr/include/cairo -I/usr/include/gdk-pixbuf-2.0 -I/usr/include/pango-1.0 -I/usr/include/gio-unix-2.0/ -I/usr/include/freetype2 -I/usr/include/pixman-1 -I/usr/include/libpng12 -I/usr/include/harfbuzz  '
pkg_cv_MATE_DESKTOP_LIBS='-lmate-desktop-2 -lgtk-x11-2.0 -lstartup-notification-1 -lgdk-x11-2.0 -latk-1.0 -lgio-2.0 -lpangoft2-1.0 -lpangocairo-1.0 -lgdk_pixbuf-2.0 -lcairo -lpango-1.0 -lfontconfig -lgobject-2.0 -lglib-2.0 -lfreetype  '
pkg_cv_TYPING_CFLAGS='-pthread -I/usr/include/glib-2.0 -I/usr/lib/x86_64-linux-gnu/glib-2.0/include -I/usr/include/gtk-2.0 -I/usr/lib/x86_64-linux-gnu/gtk-2.0/include -I/usr/include/atk-1.0 -I/usr/include/cairo -I/usr/include/gdk-pixbuf-2.0 -I/usr/include/pango-1.0 -I/usr/include/gio-unix-2.0/ -I/usr/include/freetype2 -I/usr/include/pixman-1 -I/usr/include/libpng12 -I/usr/include/harfbuzz  '
pkg_cv_TYPING_LIBS='-Wl,--export-dynamic -pthread -lgmodule-2.0 -lgtk-x11-2.0 -lgdk-x11-2.0 -latk-1.0 -lgio-2.0 -lpangoft2-1.0 -lpangocairo-1.0 -lgdk_pixbuf-2.0 -lcairo -lpango-1.0 -lfontconfig -lgobject-2.0 -lglib-2.0 -lfreetype  '
pkg_cv_XCURSOR_CFLAGS=' '
pkg_cv_XCURSOR_LIBS='-lXcursor  '
pkg_cv_XINPUT_CFLAGS=' '
pkg_cv_XINPUT_LIBS='-lXi  '

## ----------------- ##
## Output variables. ##
## ----------------- ##

























		$(INSTALL_DATA) $^ "$(DESTDIR)$(gsettingsschemadir)"; \
		test -n "$(GSETTINGS_DISABLE_SCHEMAS_COMPILE)$(DESTDIR)" || $(GLIB_COMPILE_SCHEMAS) $(gsettingsschemadir); \
		test -z "$(gsettingsschemadir)" || $(MKDIR_P) "$(DESTDIR)$(gsettingsschemadir)"; \
	      $(INSTALL_DATA) "$$d$$lc/$$f" "$$helpdir$$f" || exit 1; \
	      $(LN_S) -f "$(HELP_DIR)/C/$(HELP_ID)/$$f" "$$helpdir$$f" || exit 1; \
	      echo "$(INSTALL_DATA) $$d$$lc/$$f $$helpdir$$f"; \
	      echo "$(LN_S) -f $(HELP_DIR)/C/$(HELP_ID)/$$f $$helpdir$$f"; \
	    $(ITSTOOL) -o "$(notdir $@).tmp" $(_HELP_C_FILES) && \
	    $(ITSTOOL) -o "$(notdir $@).tmp" $(_HELP_C_FILES) && \
	    $(XMLLINT) --noout --noent --path "$$xmlpath" --xinclude "$$d$$lc/$$page"; \
	    cp -p "$$d$$lc/$$file" "$(distdir)/$$lc/" || exit 1; \
	    d="$(srcdir)/"; \
	    echo "$(XMLLINT) --noout --noent --path $$xmlpath --xinclude $$d$$lc/$$page"; \
	    echo "rm -f $$helpdir$$f"; \
	    elif test "x$$lc" != "xC"; then \
	    fi; \
	    helpdir="$(DESTDIR)$(HELP_DIR)/$$lc/$(HELP_ID)/"; \
	    helpdir="$(DESTDIR)$(HELP_DIR)/$$lc/$(HELP_ID)/"; \
	    if ! test -d "$$helpdir$$mdir"; then $(mkinstalldirs) "$$helpdir$$mdir"; fi; \
	    if test "x$mdir" = "x."; then mdir=""; fi; \
	    if test -f "$$d$$lc/$$f"; then \
	    if test -f "$$lc$$f"; then d=; else d="$(srcdir)/"; fi; \
	    if test -f "$$lc/$$file"; then d=./; else d=$(srcdir)/; fi; \
	    mdir=`dirname "$$f"`; \
	    msgmerge -o "$(notdir $@)" "$(notdir $@)" "$(notdir $@).tmp" && \
	    mv "$(notdir $@).tmp" "$(notdir $@)"); \
	    rm "$(notdir $@).tmp"); \
	    rm -f "$$helpdir$$f"; \
	    then d=; \
	    xmlpath="$$lc"; \
	    xmlpath="$$lc:$(srcdir)/$$lc"; \
	  $(INSTALL_DATA) "$$d$$f" "$$helpdir`basename $$f`" || exit 1; \
	  $(INSTALL_DATA) "$$d$$lc/$$f" "$$helpdir`basename $$f`" || exit 1; \
	  $(MKDIR_P) "$(distdir)/$$lc"; \
	  $(mkinstalldirs) "$(DESTDIR)$(HELP_DIR)/$$lc/$(HELP_ID)" || exit 1; \
	  (cd "$(dir $@)" && \
	  (cd "$(dir $@)" && \
	  done; \
	  done; \
	  done; \
	  done; \
	  echo "$(INSTALL_DATA) $$d$$f $$helpdir`basename $$f`"; \
	  echo "$(INSTALL_DATA) $$d$$lc/$$f $$helpdir`basename $$f`"; \
	  echo "rm -f $$helpdir`basename $$f`"; \
	  echo "rm -f $$helpdir`basename $$f`"; \
	  else \
	  fi; \
	  for file in $(HELP_FILES); do \
	  for lc in C $(_HELP_LINGUAS); do \
	  for lc in C $(_HELP_LINGUAS); do \
	  for page in $(HELP_FILES); do \
	  helpdir="$(DESTDIR)$(HELP_DIR)/$$lc/$(HELP_ID)/"; \
	  helpdir="$(DESTDIR)$(HELP_DIR)/$$lc/$(HELP_ID)/"; \
	  helpdir="$(DESTDIR)$(HELP_DIR)/$$lc/$(HELP_ID)/"; \
	  helpdir="$(DESTDIR)$(HELP_DIR)/$$lc/$(HELP_ID)/"; \
	  if ! test -d "$$helpdir"; then $(mkinstalldirs) "$$helpdir"; fi; \
	  if ! test -d "$$helpdir"; then $(mkinstalldirs) "$$helpdir"; fi; \
	  if test "x$(_HELP_V)" = "x0"; then echo "  GEN    $${po}"; fi; \
	  if test -d "$$lc"; \
	  if test -f "$$f"; then d=; else d="$(srcdir)/"; fi; \
	  if test -f "$$lc/$$f"; then d=; else d="$(srcdir)/"; fi; \
	  lc=`dirname "$$f"`; lc=`basename "$$lc"`; \
	  lc=`dirname "$$f"`; lc=`basename "$$lc"`; \
	  msgmerge -q -o "$${po}" "$${po}" "$(_HELP_POTFILE)"; \
	  rm -f "$$helpdir`basename $$f`"; \
	  rm -f "$$helpdir`basename $$f`"; \
	$(AM_V_GEN) glib-mkenums --comments '\''<!-- @comment@ -->'\'' --fhead "<schemalist>" --vhead "  <@type@ id='\''$(gsettings_ENUM_NAMESPACE).@EnumName@'\''>" --vprod "    <value nick='\''@valuenick@'\'' value='\''@valuenum@'\''/>" --vtail "  </@type@>" --ftail "</schemalist>" $^ > $@.tmp && mv $@.tmp $@
	$(AM_V_GEN) if test -f "$<"; then d=; else d="$(srcdir)/"; fi; $(GLIB_COMPILE_SCHEMAS) --strict --dry-run $(addprefix --schema-file=,$(gsettings__enum_file)) --schema-file=$${d}$< && touch $@
	$(AM_V_GEN)if ! test -f "$@"; then \
	$(AM_V_GEN)if test -d "C"; then d=; else d="$(srcdir)/"; fi; \
	$(AM_V_GEN)msgfmt -o "$@" "$<"
	$(AM_V_at)for po in $(_HELP_POFILES); do \
	$(AM_V_at)if ! test -d "$(dir $@)"; then mkdir "$(dir $@)"; fi
	$(AM_V_at)if ! test -d "$(dir $@)"; then mkdir "$(dir $@)"; fi
	$(AM_V_at)if ! test -d "$(dir $@)"; then mkdir "$(dir $@)"; fi
	$(AM_V_at)if test ! -f "$@" -a -f "$(srcdir)/$@"; then cp "$(srcdir)/$@" "$@"; fi
	$(ITSTOOL) -o "$@" $(foreach f,$(_HELP_C_FILES),"$${d}$(f)")
	$(_HELP_LC_VERBOSE)if test -d "C"; then d="../"; else d="$(abs_srcdir)/"; fi; \
	(cd "$(dir $@)" && $(ITSTOOL) -m "$${mo}" $(foreach f,$(_HELP_C_FILES),$${d}/$(f))) && \
	@$(NORMAL_INSTALL)
	@$(NORMAL_UNINSTALL)
	@for f in $(HELP_MEDIA); do \
	@for f in $(HELP_MEDIA); do \
	@for f in $(_HELP_C_EXTRA); do \
	@for f in $(_HELP_C_EXTRA); do \
	@for lc in C $(HELP_LINGUAS); do \
	@for lc in C $(_HELP_LINGUAS); do \
	@for lc in C $(_HELP_LINGUAS); do for f in $(HELP_FILES); do \
	@list='\''$(gsettings_SCHEMAS) $(gsettings__enum_file)'\''; test -n "$(gsettingsschemadir)" || list=; \
	cd "$(DESTDIR)$(gsettingsschemadir)" && rm -f $$files
	done
	done
	done
	done
	done
	done
	done;
	done; \
	done; done
	done; done
	echo " ( cd '\''$(DESTDIR)$(gsettingsschemadir)'\'' && rm -f" $$files ")"; \
	else \
	fi
	fi
	files=`for p in $$list; do echo $$p; done | sed -e '\''s|^.*/||'\''`; \
	for lc in C $(_HELP_LINGUAS); do \
	for lc in C $(_HELP_LINGUAS); do for f in $(HELP_FILES); do \
	if test -f "$${mo}"; then mo="../$${mo}"; else mo="$(abs_srcdir)/$${mo}"; fi; \
	if test -n "$^"; then \
	mo="$(dir $@)$(patsubst %/$(notdir $@),%,$@).mo"; \
	rm -f $(_HELP_LC_FILES) $(_HELP_LC_STAMPS) $(_HELP_MOFILES)
	rm -f $(gsettings_SCHEMAS:.xml=.valid) $(gsettings__enum_file)
	test -n "$$files" || exit 0; \
	test -n "$(GSETTINGS_DISABLE_SCHEMAS_COMPILE)$(DESTDIR)" || $(GLIB_COMPILE_SCHEMAS) $(gsettingsschemadir)
	touch "$@"
$(_HELP_LC_FILES): $(_HELP_LINGUAS)
$(_HELP_LC_STAMPS): $(_HELP_C_FILES) $(_HELP_C_EXTRA)
$(_HELP_LC_STAMPS): %.stamp: %.mo
$(_HELP_LINGUAS): $(_HELP_LC_STAMPS)
$(_HELP_MOFILES): %.mo: %.po
$(_HELP_POFILES):
$(_HELP_POTFILE): $(_HELP_C_FILES) $(_HELP_C_EXTRA) $(_HELP_C_MEDIA)
$(gsettings__enum_file): $(gsettings_ENUM_FILES)
%.gschema.valid: %.gschema.xml $(gsettings__enum_file)
'
.PHONY : uninstall-gsettings-schemas install-gsettings-schemas clean-gsettings-schemas
.PHONY: check-help
.PHONY: clean-help
.PHONY: install-help
.PHONY: pot
.PHONY: repo
.PHONY: uninstall-help
.SECONDARY: $(gsettings_SCHEMAS)
ACLOCAL='${SHELL} /srv/sources/control-center/mate-control-center/mate-control-center-1.8.1/missing aclocal-1.14'
ACLOCAL_AMFLAGS='${ACLOCAL_FLAGS}'
ALL_LINGUAS=''
AMDEPBACKSLASH=''
AMDEP_FALSE=''
AMDEP_TRUE='#'
AMTAR='$${TAR-tar}'
AM_BACKSLASH='\'
AM_DEFAULT_V='$(AM_DEFAULT_VERBOSITY)'
AM_DEFAULT_VERBOSITY='0'
AM_V='$(V)'
APP_INDICATOR_CFLAGS=''
APP_INDICATOR_LIBS=''
AR='ar'
AT_CAPPLET_CFLAGS='-pthread -I/usr/include/gtk-2.0 -I/usr/lib/x86_64-linux-gnu/gtk-2.0/include -I/usr/include/atk-1.0 -I/usr/include/cairo -I/usr/include/gdk-pixbuf-2.0 -I/usr/include/pango-1.0 -I/usr/include/gio-unix-2.0/ -I/usr/include/freetype2 -I/usr/include/glib-2.0 -I/usr/lib/x86_64-linux-gnu/glib-2.0/include -I/usr/include/pixman-1 -I/usr/include/libpng12 -I/usr/include/harfbuzz -I/usr/include/libxml2 -I/usr/include/mate-desktop-2.0 -I/usr/include/dconf -I/usr/include/startup-notification-1.0  '
AT_CAPPLET_LIBS='-Wl,--export-dynamic -pthread -lgmodule-2.0 -lgthread-2.0 -lxml2 -lmate-desktop-2 -lgtk-x11-2.0 -lstartup-notification-1 -lgdk-x11-2.0 -latk-1.0 -lgio-2.0 -lpangoft2-1.0 -lpangocairo-1.0 -lgdk_pixbuf-2.0 -lcairo -lpango-1.0 -lfontconfig -lgobject-2.0 -lglib-2.0 -lfreetype  '
AUTOCONF='${SHELL} /srv/sources/control-center/mate-control-center/mate-control-center-1.8.1/missing autoconf'
AUTOHEADER='${SHELL} /srv/sources/control-center/mate-control-center/mate-control-center-1.8.1/missing autoheader'
AUTOMAKE='${SHELL} /srv/sources/control-center/mate-control-center/mate-control-center-1.8.1/missing automake-1.14'
AWK='gawk'
CAPPLET_CFLAGS='-pthread -I/usr/include/gtk-2.0 -I/usr/lib/x86_64-linux-gnu/gtk-2.0/include -I/usr/include/atk-1.0 -I/usr/include/cairo -I/usr/include/gdk-pixbuf-2.0 -I/usr/include/pango-1.0 -I/usr/include/gio-unix-2.0/ -I/usr/include/freetype2 -I/usr/include/glib-2.0 -I/usr/lib/x86_64-linux-gnu/glib-2.0/include -I/usr/include/pixman-1 -I/usr/include/libpng12 -I/usr/include/harfbuzz -I/usr/include/libxml2 -I/usr/include/mate-desktop-2.0 -I/usr/include/dconf -I/usr/include/startup-notification-1.0  '
CAPPLET_LIBS='-Wl,--export-dynamic -pthread -lgmodule-2.0 -lgthread-2.0 -lxml2 -lmate-desktop-2 -lgtk-x11-2.0 -lstartup-notification-1 -lgdk-x11-2.0 -latk-1.0 -lgio-2.0 -lpangoft2-1.0 -lpangocairo-1.0 -lgdk_pixbuf-2.0 -lcairo -lpango-1.0 -lfontconfig -lgobject-2.0 -lglib-2.0 -lfreetype    -lSM -lICE  -lX11  -lXcursor   -lXi  '
CATALOGS=''
CATOBJEXT='.gmo'
CC='gcc'
CCDEPMODE='depmode=none'
CFLAGS='-g -O2 -fstack-protector --param=ssp-buffer-size=4 -Wformat -Werror=format-security -Wall'
CPP='gcc -E'
CPPFLAGS='-D_FORTIFY_SOURCE=2'
CYGPATH_W='echo'
DATADIRNAME='share'
DBUS_CFLAGS='-I/usr/include/dbus-1.0 -I/usr/lib/x86_64-linux-gnu/dbus-1.0/include -I/usr/include/glib-2.0 -I/usr/lib/x86_64-linux-gnu/glib-2.0/include  '
DBUS_LIBS='-ldbus-glib-1 -ldbus-1 -lgobject-2.0 -lglib-2.0  '
DCONF_CFLAGS='-pthread -I/usr/include/dconf -I/usr/include/glib-2.0 -I/usr/lib/x86_64-linux-gnu/glib-2.0/include  '
DCONF_LIBS='-ldconf -lgio-2.0 -lgobject-2.0 -lglib-2.0  '
DEFAULT_APPLICATIONS_CAPPLET_CFLAGS='-I/usr/include/libxml2  '
DEFAULT_APPLICATIONS_CAPPLET_LIBS='-lxml2  '
DEFS='-DHAVE_CONFIG_H'
DEPDIR='.deps'
DISABLE_DEPRECATED=''
DISPLAY_CAPPLET_CFLAGS='-pthread -I/usr/include/gtk-2.0 -I/usr/lib/x86_64-linux-gnu/gtk-2.0/include -I/usr/include/atk-1.0 -I/usr/include/cairo -I/usr/include/gdk-pixbuf-2.0 -I/usr/include/pango-1.0 -I/usr/include/gio-unix-2.0/ -I/usr/include/freetype2 -I/usr/include/glib-2.0 -I/usr/lib/x86_64-linux-gnu/glib-2.0/include -I/usr/include/pixman-1 -I/usr/include/libpng12 -I/usr/include/harfbuzz -I/usr/include/libxml2 -I/usr/include/mate-desktop-2.0 -I/usr/include/dconf -I/usr/include/startup-notification-1.0  '
DISPLAY_CAPPLET_LIBS='-Wl,--export-dynamic -pthread -lgmodule-2.0 -lgthread-2.0 -lxml2 -lmate-desktop-2 -lgtk-x11-2.0 -lstartup-notification-1 -lgdk-x11-2.0 -latk-1.0 -lgio-2.0 -lpangoft2-1.0 -lpangocairo-1.0 -lgdk_pixbuf-2.0 -lcairo -lpango-1.0 -lfontconfig -lgobject-2.0 -lglib-2.0 -lfreetype  '
DLLTOOL='false'
DSYMUTIL=''
DUMPBIN=''
ECHO_C=''
ECHO_N='-n'
ECHO_T=''
EGREP='/bin/grep -E'
ENABLE_UPDATE_MIMEDB_FALSE=''
ENABLE_UPDATE_MIMEDB_TRUE='#'
EXEEXT=''
EXTRA_DIST += $(_HELP_C_EXTRA) $(_HELP_C_MEDIA)
EXTRA_DIST += $(foreach f,$(HELP_MEDIA),$(foreach lc,$(HELP_LINGUAS),$(wildcard $(lc)/$(f))))
EXTRA_DIST += $(foreach lc,$(HELP_LINGUAS),$(lc)/$(lc).po)
EXTRA_DIST += $(foreach lc,$(HELP_LINGUAS),$(lc)/$(lc).stamp)
EXTRA_DIST ?=
FGREP='/bin/grep -F'
FONT_CAPPLET_CFLAGS='-pthread -I/usr/include/gtk-2.0 -I/usr/lib/x86_64-linux-gnu/gtk-2.0/include -I/usr/include/atk-1.0 -I/usr/include/cairo -I/usr/include/gdk-pixbuf-2.0 -I/usr/include/pango-1.0 -I/usr/include/gio-unix-2.0/ -I/usr/include/freetype2 -I/usr/include/glib-2.0 -I/usr/lib/x86_64-linux-gnu/glib-2.0/include -I/usr/include/pixman-1 -I/usr/include/libpng12 -I/usr/include/harfbuzz -I/usr/include/libxml2 -I/usr/include/mate-desktop-2.0 -I/usr/include/dconf -I/usr/include/startup-notification-1.0  '
FONT_CAPPLET_LIBS='-Wl,--export-dynamic -pthread -lgmodule-2.0 -lgthread-2.0 -lxml2 -lmate-desktop-2 -lgtk-x11-2.0 -lstartup-notification-1 -lgdk-x11-2.0 -latk-1.0 -lgio-2.0 -lpangoft2-1.0 -lpangocairo-1.0 -lgdk_pixbuf-2.0 -lcairo -lpango-1.0 -lgobject-2.0 -lglib-2.0 -lXft -lfontconfig -lfreetype  '
FONT_VIEWER_CFLAGS='-pthread -I/usr/include/gtk-2.0 -I/usr/lib/x86_64-linux-gnu/gtk-2.0/include -I/usr/include/atk-1.0 -I/usr/include/cairo -I/usr/include/gdk-pixbuf-2.0 -I/usr/include/pango-1.0 -I/usr/include/gio-unix-2.0/ -I/usr/include/freetype2 -I/usr/include/glib-2.0 -I/usr/lib/x86_64-linux-gnu/glib-2.0/include -I/usr/include/pixman-1 -I/usr/include/libpng12 -I/usr/include/harfbuzz -I/usr/include/libxml2 -I/usr/include/mate-desktop-2.0 -I/usr/include/dconf -I/usr/include/startup-notification-1.0  '
FONT_VIEWER_LIBS='-Wl,--export-dynamic -pthread -lgmodule-2.0 -lgthread-2.0 -lxml2 -lmate-desktop-2 -lgtk-x11-2.0 -lstartup-notification-1 -lgdk-x11-2.0 -latk-1.0 -lgio-2.0 -lpangoft2-1.0 -lpangocairo-1.0 -lgdk_pixbuf-2.0 -lcairo -lpango-1.0 -lfontconfig -lgobject-2.0 -lglib-2.0 -lXft -lfreetype  '
GETTEXT_PACKAGE='mate-control-center'
GIO_CFLAGS='-pthread -I/usr/include/glib-2.0 -I/usr/lib/x86_64-linux-gnu/glib-2.0/include  '
GIO_LIBS='-lgio-2.0 -lgobject-2.0 -lglib-2.0  '
GLIB_CFLAGS='-pthread -I/usr/include/glib-2.0 -I/usr/lib/x86_64-linux-gnu/glib-2.0/include  '
GLIB_COMPILE_SCHEMAS='/usr/lib/x86_64-linux-gnu/glib-2.0/glib-compile-schemas'
GLIB_GENMARSHAL='/usr/bin/glib-genmarshal'
GLIB_LIBS='-Wl,--export-dynamic -pthread -lgmodule-2.0 -lglib-2.0  '
GMODULE_CFLAGS='-pthread -I/usr/include/glib-2.0 -I/usr/lib/x86_64-linux-gnu/glib-2.0/include  '
GMODULE_LIBS='-Wl,--export-dynamic -pthread -lgmodule-2.0 -lglib-2.0  '
GMOFILES=''
GMSGFMT='/usr/bin/msgfmt'
GREP='/bin/grep'
GSD_DBUS_CFLAGS='-I/usr/include/glib-2.0 -I/usr/lib/x86_64-linux-gnu/glib-2.0/include -I/usr/include/dbus-1.0 -I/usr/lib/x86_64-linux-gnu/dbus-1.0/include -I/usr/include/mate-settings-daemon-2.0  '
GSD_DBUS_LIBS='-ldbus-glib-1 -ldbus-1 -lgobject-2.0 -lglib-2.0  '
GSETTINGS_DISABLE_SCHEMAS_COMPILE=''
GSETTINGS_RULES='
GTK_API_VERSION='2.0'
GTK_ENGINE_DIR='/usr/lib/x86_64-linux-gnu/gtk-2.0/2.10.0/engines'
HAVE_APP_INDICATOR_FALSE=''
HAVE_APP_INDICATOR_TRUE='#'
HAVE_LIBCANBERRA_GTK_FALSE='#'
HAVE_LIBCANBERRA_GTK_TRUE=''
HAVE_LIBSLAB_FALSE='#'
HAVE_LIBSLAB_TRUE=''
HAVE_TYPING_BREAK_FALSE='#'
HAVE_TYPING_BREAK_TRUE=''
HAVE_XCURSOR_FALSE='#'
HAVE_XCURSOR_TRUE=''
HAVE_XINPUT_FALSE='#'
HAVE_XINPUT_TRUE=''
HELP_DIR='${datadir}/help'
HELP_EXTRA ?=
HELP_FILES ?=
HELP_ID ?=
HELP_LINGUAS ?=
HELP_MEDIA ?=
HELP_POT ?=
INSTALL_DATA='${INSTALL} -m 644'
INSTALL_PROGRAM='${INSTALL}'
INSTALL_SCRIPT='${INSTALL}'
INSTALL_STRIP_PROGRAM='$(install_sh) -c -s'
INSTOBJEXT='.mo'
INTLLIBS=''
INTLTOOL_CAVES_RULE='%.caves:     %.caves.in     $(INTLTOOL_MERGE) $(wildcard $(top_srcdir)/po/*.po) ; $(INTLTOOL_V_MERGE)LC_ALL=C $(INTLTOOL_MERGE) $(INTLTOOL_V_MERGE_OPTIONS) -d -u -c $(top_builddir)/po/.intltool-merge-cache $(top_srcdir)/po $< $@'
INTLTOOL_DESKTOP_RULE='%.desktop:   %.desktop.in   $(INTLTOOL_MERGE) $(wildcard $(top_srcdir)/po/*.po) ; $(INTLTOOL_V_MERGE)LC_ALL=C $(INTLTOOL_MERGE) $(INTLTOOL_V_MERGE_OPTIONS) -d -u -c $(top_builddir)/po/.intltool-merge-cache $(top_srcdir)/po $< $@'
INTLTOOL_DIRECTORY_RULE='%.directory: %.directory.in $(INTLTOOL_MERGE) $(wildcard $(top_srcdir)/po/*.po) ; $(INTLTOOL_V_MERGE)LC_ALL=C $(INTLTOOL_MERGE) $(INTLTOOL_V_MERGE_OPTIONS) -d -u -c $(top_builddir)/po/.intltool-merge-cache $(top_srcdir)/po $< $@'
INTLTOOL_EXTRACT='/usr/bin/intltool-extract'
INTLTOOL_KBD_RULE='%.kbd:       %.kbd.in       $(INTLTOOL_MERGE) $(wildcard $(top_srcdir)/po/*.po) ; $(INTLTOOL_V_MERGE)LC_ALL=C $(INTLTOOL_MERGE) $(INTLTOOL_V_MERGE_OPTIONS) -x -u -m -c $(top_builddir)/po/.intltool-merge-cache $(top_srcdir)/po $< $@'
INTLTOOL_KEYS_RULE='%.keys:      %.keys.in      $(INTLTOOL_MERGE) $(wildcard $(top_srcdir)/po/*.po) ; $(INTLTOOL_V_MERGE)LC_ALL=C $(INTLTOOL_MERGE) $(INTLTOOL_V_MERGE_OPTIONS) -k -u -c $(top_builddir)/po/.intltool-merge-cache $(top_srcdir)/po $< $@'
INTLTOOL_MERGE='/usr/bin/intltool-merge'
INTLTOOL_OAF_RULE='%.oaf:       %.oaf.in       $(INTLTOOL_MERGE) $(wildcard $(top_srcdir)/po/*.po) ; $(INTLTOOL_V_MERGE)LC_ALL=C $(INTLTOOL_MERGE) $(INTLTOOL_V_MERGE_OPTIONS) -o -p $(top_srcdir)/po $< $@'
INTLTOOL_PERL='/usr/bin/perl'
INTLTOOL_POLICY_RULE='%.policy:    %.policy.in    $(INTLTOOL_MERGE) $(wildcard $(top_srcdir)/po/*.po) ; $(INTLTOOL_V_MERGE)LC_ALL=C $(INTLTOOL_MERGE) $(INTLTOOL_V_MERGE_OPTIONS) -x -u -c $(top_builddir)/po/.intltool-merge-cache $(top_srcdir)/po $< $@'
INTLTOOL_PONG_RULE='%.pong:      %.pong.in      $(INTLTOOL_MERGE) $(wildcard $(top_srcdir)/po/*.po) ; $(INTLTOOL_V_MERGE)LC_ALL=C $(INTLTOOL_MERGE) $(INTLTOOL_V_MERGE_OPTIONS) -x -u -c $(top_builddir)/po/.intltool-merge-cache $(top_srcdir)/po $< $@'
INTLTOOL_PROP_RULE='%.prop:      %.prop.in      $(INTLTOOL_MERGE) $(wildcard $(top_srcdir)/po/*.po) ; $(INTLTOOL_V_MERGE)LC_ALL=C $(INTLTOOL_MERGE) $(INTLTOOL_V_MERGE_OPTIONS) -d -u -c $(top_builddir)/po/.intltool-merge-cache $(top_srcdir)/po $< $@'
INTLTOOL_SCHEMAS_RULE='%.schemas:   %.schemas.in   $(INTLTOOL_MERGE) $(wildcard $(top_srcdir)/po/*.po) ; $(INTLTOOL_V_MERGE)LC_ALL=C $(INTLTOOL_MERGE) $(INTLTOOL_V_MERGE_OPTIONS) -s -u -c $(top_builddir)/po/.intltool-merge-cache $(top_srcdir)/po $< $@'
INTLTOOL_SERVER_RULE='%.server:    %.server.in    $(INTLTOOL_MERGE) $(wildcard $(top_srcdir)/po/*.po) ; $(INTLTOOL_V_MERGE)LC_ALL=C $(INTLTOOL_MERGE) $(INTLTOOL_V_MERGE_OPTIONS) -o -u -c $(top_builddir)/po/.intltool-merge-cache $(top_srcdir)/po $< $@'
INTLTOOL_SERVICE_RULE='%.service: %.service.in   $(INTLTOOL_MERGE) $(wildcard $(top_srcdir)/po/*.po) ; $(INTLTOOL_V_MERGE)LC_ALL=C $(INTLTOOL_MERGE) $(INTLTOOL_V_MERGE_OPTIONS) -d -u -c $(top_builddir)/po/.intltool-merge-cache $(top_srcdir)/po $< $@'
INTLTOOL_SHEET_RULE='%.sheet:     %.sheet.in     $(INTLTOOL_MERGE) $(wildcard $(top_srcdir)/po/*.po) ; $(INTLTOOL_V_MERGE)LC_ALL=C $(INTLTOOL_MERGE) $(INTLTOOL_V_MERGE_OPTIONS) -x -u -c $(top_builddir)/po/.intltool-merge-cache $(top_srcdir)/po $< $@'
INTLTOOL_SOUNDLIST_RULE='%.soundlist: %.soundlist.in $(INTLTOOL_MERGE) $(wildcard $(top_srcdir)/po/*.po) ; $(INTLTOOL_V_MERGE)LC_ALL=C $(INTLTOOL_MERGE) $(INTLTOOL_V_MERGE_OPTIONS) -d -u -c $(top_builddir)/po/.intltool-merge-cache $(top_srcdir)/po $< $@'
INTLTOOL_THEME_RULE='%.theme:     %.theme.in     $(INTLTOOL_MERGE) $(wildcard $(top_srcdir)/po/*.po) ; $(INTLTOOL_V_MERGE)LC_ALL=C $(INTLTOOL_MERGE) $(INTLTOOL_V_MERGE_OPTIONS) -d -u -c $(top_builddir)/po/.intltool-merge-cache $(top_srcdir)/po $< $@'
INTLTOOL_UI_RULE='%.ui:        %.ui.in        $(INTLTOOL_MERGE) $(wildcard $(top_srcdir)/po/*.po) ; $(INTLTOOL_V_MERGE)LC_ALL=C $(INTLTOOL_MERGE) $(INTLTOOL_V_MERGE_OPTIONS) -x -u -c $(top_builddir)/po/.intltool-merge-cache $(top_srcdir)/po $< $@'
INTLTOOL_UPDATE='/usr/bin/intltool-update'
INTLTOOL_V_MERGE='$(INTLTOOL__v_MERGE_$(V))'
INTLTOOL_V_MERGE_OPTIONS='$(intltool__v_merge_options_$(V))'
INTLTOOL_XAM_RULE='%.xam:       %.xml.in       $(INTLTOOL_MERGE) $(wildcard $(top_srcdir)/po/*.po) ; $(INTLTOOL_V_MERGE)LC_ALL=C $(INTLTOOL_MERGE) $(INTLTOOL_V_MERGE_OPTIONS) -x -u -c $(top_builddir)/po/.intltool-merge-cache $(top_srcdir)/po $< $@'
INTLTOOL_XML_NOMERGE_RULE='%.xml:       %.xml.in       $(INTLTOOL_MERGE) ; $(INTLTOOL_V_MERGE)LC_ALL=C $(INTLTOOL_MERGE) $(INTLTOOL_V_MERGE_OPTIONS) -x -u --no-translations $< $@'
INTLTOOL_XML_RULE='%.xml:       %.xml.in       $(INTLTOOL_MERGE) $(wildcard $(top_srcdir)/po/*.po) ; $(INTLTOOL_V_MERGE)LC_ALL=C $(INTLTOOL_MERGE) $(INTLTOOL_V_MERGE_OPTIONS) -x -u -c $(top_builddir)/po/.intltool-merge-cache $(top_srcdir)/po $< $@'
INTLTOOL__v_MERGE_0='@echo "  ITMRG " $@;'
INTLTOOL__v_MERGE_='$(INTLTOOL__v_MERGE_$(AM_DEFAULT_VERBOSITY))'
ITSTOOL='itstool'
LD='/usr/bin/ld -m elf_x86_64'
LDFLAGS='-Wl,-Bsymbolic-functions -Wl,-z,relro'
LIBCANBERRA_GTK_CFLAGS='-D_REENTRANT -pthread -I/usr/include/gtk-2.0 -I/usr/lib/x86_64-linux-gnu/gtk-2.0/include -I/usr/include/gio-unix-2.0/ -I/usr/include/freetype2 -I/usr/include/cairo -I/usr/include/pango-1.0 -I/usr/include/gdk-pixbuf-2.0 -I/usr/include/glib-2.0 -I/usr/lib/x86_64-linux-gnu/glib-2.0/include -I/usr/include/pixman-1 -I/usr/include/libpng12 -I/usr/include/atk-1.0 -I/usr/include/harfbuzz  '
LIBCANBERRA_GTK_LIBS='-lcanberra-gtk -lX11 -lcanberra -lgtk-x11-2.0 -lgdk-x11-2.0 -latk-1.0 -lgio-2.0 -lpangoft2-1.0 -lpangocairo-1.0 -lgdk_pixbuf-2.0 -lcairo -lpango-1.0 -lfontconfig -lgobject-2.0 -lglib-2.0 -lfreetype  '
LIBMATEKBDUI_CFLAGS='-pthread -I/usr/include/gtk-2.0 -I/usr/lib/x86_64-linux-gnu/gtk-2.0/include -I/usr/include/glib-2.0 -I/usr/lib/x86_64-linux-gnu/glib-2.0/include -I/usr/include/gio-unix-2.0/ -I/usr/include/freetype2 -I/usr/include/cairo -I/usr/include/pango-1.0 -I/usr/include/gdk-pixbuf-2.0 -I/usr/include/pixman-1 -I/usr/include/libpng12 -I/usr/include/libxml2  '
LIBMATEKBDUI_LIBS='-Wl,--export-dynamic -pthread -lmatekbdui -lmatekbd -lgmodule-2.0 -lgdk-x11-2.0 -lgio-2.0 -lxklavier -lpangocairo-1.0 -lgdk_pixbuf-2.0 -lpango-1.0 -lcairo -lgobject-2.0 -lglib-2.0  '
LIBMATEKBD_CFLAGS='-pthread -I/usr/include/gtk-2.0 -I/usr/lib/x86_64-linux-gnu/gtk-2.0/include -I/usr/include/glib-2.0 -I/usr/lib/x86_64-linux-gnu/glib-2.0/include -I/usr/include/gio-unix-2.0/ -I/usr/include/freetype2 -I/usr/include/cairo -I/usr/include/pango-1.0 -I/usr/include/gdk-pixbuf-2.0 -I/usr/include/pixman-1 -I/usr/include/libpng12 -I/usr/include/libxml2  '
LIBMATEKBD_LIBS='-Wl,--export-dynamic -pthread -lmatekbd -lgmodule-2.0 -lgdk-x11-2.0 -lgio-2.0 -lpangocairo-1.0 -lgdk_pixbuf-2.0 -lpango-1.0 -lcairo -lgobject-2.0 -lglib-2.0 -lxklavier  '
LIBOBJS=''
LIBS='-lm '
LIBSLAB_CFLAGS='-pthread -I/usr/include/glib-2.0 -I/usr/lib/x86_64-linux-gnu/glib-2.0/include -I/usr/include/mate-desktop-2.0 -I/usr/include/dconf -I/usr/include/gtk-2.0 -I/usr/include/startup-notification-1.0 -I/usr/lib/x86_64-linux-gnu/gtk-2.0/include -I/usr/include/atk-1.0 -I/usr/include/cairo -I/usr/include/gdk-pixbuf-2.0 -I/usr/include/pango-1.0 -I/usr/include/gio-unix-2.0/ -I/usr/include/freetype2 -I/usr/include/pixman-1 -I/usr/include/libpng12 -I/usr/include/harfbuzz -I/usr/include/librsvg-2.0 -I/usr/include/mate-menus  '
LIBSLAB_LIBS='-lmate-desktop-2 -lgtk-x11-2.0 -lstartup-notification-1 -lgdk-x11-2.0 -latk-1.0 -lpangoft2-1.0 -lpangocairo-1.0 -lfontconfig -lfreetype -lrsvg-2 -lm -lgio-2.0 -lgdk_pixbuf-2.0 -lcairo -lmate-menu -lpango-1.0 -lgobject-2.0 -lglib-2.0  '
LIBTOOL='$(SHELL) $(top_builddir)/libtool'
LIPO=''
LN_S='ln -s'
LTLIBOBJS=''
MAINT='#'
MAINTAINER_MODE_FALSE=''
MAINTAINER_MODE_TRUE='#'
MAKEINFO='${SHELL} /srv/sources/control-center/mate-control-center/mate-control-center-1.8.1/missing makeinfo'
MANIFEST_TOOL=':'
MARCO_CFLAGS='-pthread -I/usr/include/marco-1 -I/usr/include/gtk-2.0 -I/usr/lib/x86_64-linux-gnu/gtk-2.0/include -I/usr/include/atk-1.0 -I/usr/include/cairo -I/usr/include/gdk-pixbuf-2.0 -I/usr/include/pango-1.0 -I/usr/include/gio-unix-2.0/ -I/usr/include/freetype2 -I/usr/include/glib-2.0 -I/usr/lib/x86_64-linux-gnu/glib-2.0/include -I/usr/include/pixman-1 -I/usr/include/libpng12 -I/usr/include/harfbuzz  '
MARCO_LIBS='-lmarco-private -lgtk-x11-2.0 -lgdk-x11-2.0 -latk-1.0 -lgio-2.0 -lpangoft2-1.0 -lpangocairo-1.0 -lgdk_pixbuf-2.0 -lcairo -lpango-1.0 -lfontconfig -lgobject-2.0 -lglib-2.0 -lfreetype  '
MATECC_CAPPLETS_CFLAGS='-I$(top_srcdir)/capplets/common -pthread -I/usr/include/gtk-2.0 -I/usr/lib/x86_64-linux-gnu/gtk-2.0/include -I/usr/include/atk-1.0 -I/usr/include/cairo -I/usr/include/gdk-pixbuf-2.0 -I/usr/include/pango-1.0 -I/usr/include/gio-unix-2.0/ -I/usr/include/freetype2 -I/usr/include/glib-2.0 -I/usr/lib/x86_64-linux-gnu/glib-2.0/include -I/usr/include/pixman-1 -I/usr/include/libpng12 -I/usr/include/harfbuzz -I/usr/include/libxml2 -I/usr/include/mate-desktop-2.0 -I/usr/include/dconf -I/usr/include/startup-notification-1.0   -I$(top_srcdir)/ -DG_LOG_DOMAIN="\"$(cappletname)-properties\"" -I/usr/include/dbus-1.0 -I/usr/lib/x86_64-linux-gnu/dbus-1.0/include -I/usr/include/glib-2.0 -I/usr/lib/x86_64-linux-gnu/glib-2.0/include  '
MATECC_CAPPLETS_CLEANFILES='$(desktop) $(desktop).in'
MATECC_CAPPLETS_EXTRA_DIST='ChangeLog $(desktop).in.in $(cappletname)-capplet.png $(pixmaps_DATA)'
MATECC_CAPPLETS_LIBS='$(top_builddir)/capplets/common/libcommon.la -Wl,--export-dynamic -pthread -lgmodule-2.0 -lgthread-2.0 -lxml2 -lmate-desktop-2 -lgtk-x11-2.0 -lstartup-notification-1 -lgdk-x11-2.0 -latk-1.0 -lgio-2.0 -lpangoft2-1.0 -lpangocairo-1.0 -lgdk_pixbuf-2.0 -lcairo -lpango-1.0 -lfontconfig -lgobject-2.0 -lglib-2.0 -lfreetype    -lSM -lICE  -lX11  -lXcursor   -lXi   -ldbus-glib-1 -ldbus-1 -lgobject-2.0 -lglib-2.0  '
MATECC_CFLAGS='-pthread -I/usr/include/gtk-2.0 -I/usr/lib/x86_64-linux-gnu/gtk-2.0/include -I/usr/include/atk-1.0 -I/usr/include/cairo -I/usr/include/gdk-pixbuf-2.0 -I/usr/include/pango-1.0 -I/usr/include/gio-unix-2.0/ -I/usr/include/freetype2 -I/usr/include/glib-2.0 -I/usr/lib/x86_64-linux-gnu/glib-2.0/include -I/usr/include/pixman-1 -I/usr/include/libpng12 -I/usr/include/harfbuzz -I/usr/include/libxml2 -I/usr/include/mate-desktop-2.0 -I/usr/include/dconf -I/usr/include/startup-notification-1.0 -I/usr/include/mate-menus  '
MATECC_LIBS='-Wl,--export-dynamic -pthread -lgmodule-2.0 -lgthread-2.0 -lxml2 -lmate-desktop-2 -lgtk-x11-2.0 -lstartup-notification-1 -lgdk-x11-2.0 -latk-1.0 -lgio-2.0 -lpangoft2-1.0 -lpangocairo-1.0 -lgdk_pixbuf-2.0 -lcairo -lpango-1.0 -lfontconfig -lgobject-2.0 -lfreetype -lmate-menu -lglib-2.0    -lSM -lICE  -lX11 '
MATECC_SHELL_CFLAGS='-pthread -I/usr/include/gtk-2.0 -I/usr/lib/x86_64-linux-gnu/gtk-2.0/include -I/usr/include/atk-1.0 -I/usr/include/cairo -I/usr/include/gdk-pixbuf-2.0 -I/usr/include/pango-1.0 -I/usr/include/gio-unix-2.0/ -I/usr/include/freetype2 -I/usr/include/glib-2.0 -I/usr/lib/x86_64-linux-gnu/glib-2.0/include -I/usr/include/pixman-1 -I/usr/include/libpng12 -I/usr/include/harfbuzz -I/usr/include/libxml2 -I/usr/include/mate-desktop-2.0 -I/usr/include/dconf -I/usr/include/startup-notification-1.0 -I/usr/include/mate-menus -I/usr/include/unique-1.0  '
MATECC_SHELL_LIBS='-Wl,--export-dynamic -pthread -lgmodule-2.0 -lgthread-2.0 -lxml2 -lmate-desktop-2 -lstartup-notification-1 -lmate-menu -lunique-1.0 -lgtk-x11-2.0 -lgdk-x11-2.0 -latk-1.0 -lgio-2.0 -lpangoft2-1.0 -lpangocairo-1.0 -lgdk_pixbuf-2.0 -lcairo -lpango-1.0 -lfontconfig -lgobject-2.0 -lglib-2.0 -lfreetype  '
MATE_DESKTOP_CFLAGS='-pthread -I/usr/include/mate-desktop-2.0 -I/usr/include/dconf -I/usr/include/gtk-2.0 -I/usr/include/startup-notification-1.0 -I/usr/include/glib-2.0 -I/usr/lib/x86_64-linux-gnu/glib-2.0/include -I/usr/lib/x86_64-linux-gnu/gtk-2.0/include -I/usr/include/atk-1.0 -I/usr/include/cairo -I/usr/include/gdk-pixbuf-2.0 -I/usr/include/pango-1.0 -I/usr/include/gio-unix-2.0/ -I/usr/include/freetype2 -I/usr/include/pixman-1 -I/usr/include/libpng12 -I/usr/include/harfbuzz  '
MATE_DESKTOP_LIBS='-lmate-desktop-2 -lgtk-x11-2.0 -lstartup-notification-1 -lgdk-x11-2.0 -latk-1.0 -lgio-2.0 -lpangoft2-1.0 -lpangocairo-1.0 -lgdk_pixbuf-2.0 -lcairo -lpango-1.0 -lfontconfig -lgobject-2.0 -lglib-2.0 -lfreetype  '
MKDIR_P='/bin/mkdir -p'
MKINSTALLDIRS='./mkinstalldirs'
MSGFMT='/usr/bin/msgfmt'
MSGFMT_OPTS='-c'
MSGMERGE='/usr/bin/msgmerge'
NM='/usr/bin/nm -B'
NMEDIT=''
OBJDUMP='objdump'
OBJEXT='o'
OTOOL64=''
OTOOL=''
PACKAGE='mate-control-center'
PACKAGE_BUGREPORT='htts://www.mate-desktop.org/'
PACKAGE_NAME='mate-control-center'
PACKAGE_STRING='mate-control-center 1.8.1'
PACKAGE_TARNAME='mate-control-center'
PACKAGE_URL=''
PACKAGE_VERSION='1.8.1'
PATH_SEPARATOR=':'
PKG_CONFIG='/usr/bin/pkg-config'
PKG_CONFIG_LIBDIR=''
PKG_CONFIG_PATH=''
POFILES=''
POSUB='po'
PO_IN_DATADIR_FALSE=''
PO_IN_DATADIR_TRUE=''
RANLIB='ranlib'
SCREENSAVER_LIBS=' -lSM -lICE  -lXss -lXext -lX11'
SED='/bin/sed'
SET_MAKE=''
SHELL='/bin/bash'
STRIP='strip'
TYPING_BREAK='typing-break'
TYPING_CFLAGS='-pthread -I/usr/include/glib-2.0 -I/usr/lib/x86_64-linux-gnu/glib-2.0/include -I/usr/include/gtk-2.0 -I/usr/lib/x86_64-linux-gnu/gtk-2.0/include -I/usr/include/atk-1.0 -I/usr/include/cairo -I/usr/include/gdk-pixbuf-2.0 -I/usr/include/pango-1.0 -I/usr/include/gio-unix-2.0/ -I/usr/include/freetype2 -I/usr/include/pixman-1 -I/usr/include/libpng12 -I/usr/include/harfbuzz  '
TYPING_LIBS='-Wl,--export-dynamic -pthread -lgmodule-2.0 -lgtk-x11-2.0 -lgdk-x11-2.0 -latk-1.0 -lgio-2.0 -lpangoft2-1.0 -lpangocairo-1.0 -lgdk_pixbuf-2.0 -lcairo -lpango-1.0 -lfontconfig -lgobject-2.0 -lglib-2.0 -lfreetype  '
UPDATE_MIME_DATABASE='/usr/bin/update-mime-database'
USE_NLS='yes'
VERSION='1.8.1'
WARN_CFLAGS='-Wall'
XCURSOR_CFLAGS=' '
XCURSOR_LIBS='-lXcursor  '
XF86MISC_LIBS=''
XGETTEXT='/usr/bin/xgettext'
XINPUT_CFLAGS=' '
XINPUT_LIBS='-lXi  '
XMKMF=''
XMLLINT='xmllint'
X_CFLAGS=''
X_EXTRA_LIBS=''
X_LIBS=''
X_PRE_LIBS=' -lSM -lICE'
YELP_HELP_RULES='
_HELP_C_EXTRA = $(foreach f,$(HELP_EXTRA),C/$(f))
_HELP_C_FILES = $(foreach f,$(HELP_FILES),C/$(f))
_HELP_C_MEDIA = $(foreach f,$(HELP_MEDIA),C/$(f))
_HELP_DEFAULT_V = $(if $(AM_DEFAULT_VERBOSITY),$(AM_DEFAULT_VERBOSITY),1)
_HELP_LC_FILES = $(foreach lc,$(_HELP_LINGUAS),$(foreach f,$(HELP_FILES),$(lc)/$(f)))
_HELP_LC_STAMPS = $(foreach lc,$(_HELP_LINGUAS),$(lc)/$(lc).stamp)
_HELP_LC_VERBOSE = $(_HELP_LC_VERBOSE_$(_HELP_V))
_HELP_LC_VERBOSE_ = $(_HELP_LC_VERBOSE_$(_HELP_DEFAULT_V))
_HELP_LC_VERBOSE_0 = @echo "  GEN    "$(dir $@);
_HELP_LINGUAS = $(if $(filter environment,$(origin LINGUAS)),$(filter $(LINGUAS),$(HELP_LINGUAS)),$(HELP_LINGUAS))
_HELP_MOFILES = $(patsubst %.po,%.mo,$(_HELP_POFILES))
_HELP_POFILES = $(if $(HELP_ID),$(foreach lc,$(_HELP_LINGUAS),$(lc)/$(lc).po))
_HELP_POTFILE = $(if $(HELP_POT),$(HELP_POT),$(if $(HELP_ID),$(HELP_ID).pot))
_HELP_V = $(if $(V),$(V),$(_HELP_DEFAULT_V))
ac_ct_AR='ar'
ac_ct_CC='gcc'
ac_ct_DUMPBIN=''
all-am: $(gsettings_SCHEMAS:.xml=.valid)
all: $(_HELP_C_FILES) $(_HELP_C_EXTRA) $(_HELP_C_MEDIA) $(_HELP_LC_FILES) $(_HELP_POFILES)
am__EXEEXT_FALSE=''
am__EXEEXT_TRUE='#'
am__fastdepCC_FALSE=''
am__fastdepCC_TRUE='#'
am__include='include'
am__isrc=''
am__leading_dot='.'
am__nodep=''
am__quote=''
am__tar='tar --format=ustar -chf - "$$tardir"'
am__untar='tar -xf -'
bindir='${exec_prefix}/bin'
build='x86_64-pc-linux-gnu'
build_alias='x86_64-linux-gnu'
build_cpu='x86_64'
build_os='linux-gnu'
build_vendor='pc'
check-help:
check: check-help
clean-gsettings-schemas:
clean-help:
datadir='${datarootdir}'
datarootdir='${prefix}/share'
distdir-help-files:
distdir: distdir-help-files
docdir='${datarootdir}/doc/${PACKAGE_TARNAME}'
dvidir='${docdir}'
endif'
exec_prefix='${prefix}'
gsettings__enum_file = $(addsuffix .enums.xml,$(gsettings_ENUM_NAMESPACE))
gsettingsschemadir='${datarootdir}/glib-2.0/schemas'
host='x86_64-pc-linux-gnu'
host_alias=''
host_cpu='x86_64'
host_os='linux-gnu'
host_vendor='pc'
htmldir='${docdir}'
ifdef gsettings_ENUM_NAMESPACE
includedir='${prefix}/include'
infodir='${prefix}/share/info'
install-data-am: $(if $(HELP_ID),install-help)
install-data-am: install-gsettings-schemas
install-gsettings-schemas: $(gsettings_SCHEMAS) $(gsettings__enum_file)
install-help:
install_sh='${SHELL} /srv/sources/control-center/mate-control-center/mate-control-center-1.8.1/install-sh'
intltool__v_merge_options_0='-q'
intltool__v_merge_options_='$(intltool__v_merge_options_$(AM_DEFAULT_VERBOSITY))'
libdir='${prefix}/lib/x86_64-linux-gnu'
libexecdir='${prefix}/lib/x86_64-linux-gnu'
localedir='${datarootdir}/locale'
localstatedir='/var'
mandir='${prefix}/share/man'
mkdir_p='$(MKDIR_P)'
mostlyclean-am: $(if $(HELP_ID),clean-help)
mostlyclean-am: clean-gsettings-schemas
oldincludedir='/usr/include'
pdfdir='${docdir}'
pot: $(_HELP_POTFILE)
prefix='/usr'
program_transform_name='s,x,x,'
psdir='${docdir}'
repo: $(_HELP_POTFILE)
sbindir='${exec_prefix}/sbin'
sharedstatedir='${prefix}/com'
sysconfdir='/etc'
target_alias=''
uninstall-am: $(if $(HELP_ID),uninstall-help)
uninstall-am: uninstall-gsettings-schemas
uninstall-gsettings-schemas:
uninstall-help:

## ----------- ##
## confdefs.h. ##
## ----------- ##

/* confdefs.h */
#define PACKAGE_NAME "mate-control-center"
#define PACKAGE_TARNAME "mate-control-center"
#define PACKAGE_VERSION "1.8.1"
#define PACKAGE_STRING "mate-control-center 1.8.1"
#define PACKAGE_BUGREPORT "htts://www.mate-desktop.org/"
#define PACKAGE_URL ""
#define PACKAGE "mate-control-center"
#define VERSION "1.8.1"
#define STDC_HEADERS 1
#define HAVE_SYS_TYPES_H 1
#define HAVE_SYS_STAT_H 1
#define HAVE_STDLIB_H 1
#define HAVE_STRING_H 1
#define HAVE_MEMORY_H 1
#define HAVE_STRINGS_H 1
#define HAVE_INTTYPES_H 1
#define HAVE_STDINT_H 1
#define HAVE_UNISTD_H 1
#define HAVE_DLFCN_H 1
#define LT_OBJDIR ".libs/"
#define GETTEXT_PACKAGE "mate-control-center"
#define HAVE_LOCALE_H 1
#define HAVE_LC_MESSAGES 1
#define HAVE_BIND_TEXTDOMAIN_CODESET 1
#define HAVE_GETTEXT 1
#define HAVE_DCGETTEXT 1
#define ENABLE_NLS 1
#define HAVE_X11_XLIB_H 1
#define HAVE_X11_EXTENSIONS_XKB_H 1
#define HAVE_LIBM 1
#define HAVE_DCONF_0_13 1
#define HAVE_XFT2 /**/
#define HAVE_XCURSOR 1
#define XCURSOR_ICONDIR "/usr/share/icons"
#define HAVE_XINPUT 1

configure: exit 0
